18/02/2022, 20:07:45 - INFO - Server is running on port: 3030
18/02/2022, 20:30:37 - INFO - Server is running on port: 3030
18/02/2022, 20:31:19 - DEBUG - auth.service - signup with emailAddress: sdjnb, firstName: sdjnb@gmail.com
18/02/2022, 20:31:21 - DEBUG - auth.route - new account created: {"emailAddress":"sdjnb@gmail.com","password":"$2b$10$lzgyRYnce6uXjozMt88VweJyZYft3cj/uC0EUdX2ZfKOhmgcdlmIm","firstName":"sdjnb","favMedia":[],"isNew":true,"img":"","_id":"620fe5f9460f42bfc982f38e"}
18/02/2022, 20:31:21 - DEBUG - auth.service - login with emailAddress: sdjnb@gmail.com
18/02/2022, 20:31:24 - INFO - Req!!!
18/02/2022, 20:31:24 - INFO - Req from: sdjnb
18/02/2022, 20:32:49 - INFO - Server is running on port: 3030
18/02/2022, 20:34:13 - INFO - Server is running on port: 3030
18/02/2022, 20:34:24 - INFO - Server is running on port: 3030
18/02/2022, 20:34:42 - INFO - Server is running on port: 3030
18/02/2022, 21:37:03 - INFO - Server is running on port: 3030
18/02/2022, 21:37:54 - DEBUG - auth.service - signup with emailAddress: sduhfs, firstName: sduhfs@gmail.com
18/02/2022, 21:37:55 - DEBUG - auth.route - new account created: {"emailAddress":"sduhfs@gmail.com","password":"$2b$10$G66qFHLxcPWltXomwjvcSuG.R41u/87yLyJJszlgOe7qG9rSXGi5.","firstName":"sduhfs","favMedia":[],"isNew":true,"img":"","_id":"620ff593169160ff927b58e4"}
18/02/2022, 21:37:55 - DEBUG - auth.service - login with emailAddress: sduhfs@gmail.com
18/02/2022, 21:37:59 - INFO - Req!!!
18/02/2022, 21:37:59 - INFO - Req from: sduhfs
18/02/2022, 21:39:34 - INFO - Req!!!
18/02/2022, 21:39:34 - INFO - Req from: sduhfs
18/02/2022, 21:40:40 - INFO - Req!!!
18/02/2022, 21:40:40 - INFO - Req from: sduhfs
18/02/2022, 21:41:50 - INFO - Req!!!
18/02/2022, 21:41:50 - INFO - Req from: sduhfs
18/02/2022, 22:16:49 - INFO - Server is running on port: 3030
18/02/2022, 22:17:57 - DEBUG - auth.service - signup with emailAddress: sakdnaskl, firstName: sakdnaskl@gmail.com
18/02/2022, 22:17:59 - DEBUG - auth.route - new account created: {"emailAddress":"sakdnaskl@gmail.com","password":"$2b$10$EP6wpaPiKzeVvJ9rSMEwhukEj1ONfvmwbK.Xj8YQCR1TQemiA4asm","firstName":"sakdnaskl","favMedia":[],"isNew":true,"img":"","_id":"620ffef7ccf05d11e35e2114"}
18/02/2022, 22:17:59 - DEBUG - auth.service - login with emailAddress: sakdnaskl@gmail.com
18/02/2022, 22:18:03 - INFO - Req!!!
18/02/2022, 22:18:03 - INFO - Req from: sakdnaskl
18/02/2022, 22:18:19 - INFO - Req!!!
18/02/2022, 22:18:19 - INFO - Req from: sakdnaskl
18/02/2022, 22:18:25 - INFO - Req!!!
18/02/2022, 22:18:25 - INFO - Req from: sakdnaskl
18/02/2022, 22:18:32 - INFO - Req!!!
18/02/2022, 22:18:32 - INFO - Req from: sakdnaskl
18/02/2022, 23:17:24 - DEBUG - auth.service - signup with emailAddress: susiskajd, firstName: asjkd@gmail.com
18/02/2022, 23:17:24 - DEBUG - auth.route - new account created: {"emailAddress":"asjkd@gmail.com","password":"$2b$10$iepFTdxqEhz616HD/kzo/.YFrfri8A/1qO40O.lsJLwtiSkN1vDXG","firstName":"susiskajd","favMedia":[],"isNew":true,"img":"","_id":"62100ce4ccf05d11e35e2115"}
18/02/2022, 23:17:24 - DEBUG - auth.service - login with emailAddress: asjkd@gmail.com
18/02/2022, 23:19:11 - INFO - Req!!!
18/02/2022, 23:19:11 - INFO - Req from: susiskajd
18/02/2022, 23:19:36 - DEBUG - auth.service - signup with emailAddress: smnxM, firstName: gdscshg@gmail.com
18/02/2022, 23:19:36 - DEBUG - auth.route - new account created: {"emailAddress":"gdscshg@gmail.com","password":"$2b$10$89CreqENaiccH/jTHgiHLOjKTM6Es8hiT0MdfrpwrA9XQkRdh//pm","firstName":"smnxM","favMedia":[],"isNew":true,"img":"","_id":"62100d68ccf05d11e35e2116"}
18/02/2022, 23:19:36 - DEBUG - auth.service - login with emailAddress: gdscshg@gmail.com
18/02/2022, 23:23:25 - INFO - Req!!!
18/02/2022, 23:23:25 - INFO - Req from: smnxM
18/02/2022, 23:33:37 - INFO - Req!!!
18/02/2022, 23:33:37 - INFO - Req from: smnxM
18/02/2022, 23:37:21 - INFO - Server is running on port: 3030
18/02/2022, 23:38:47 - INFO - Server is running on port: 3030
18/02/2022, 23:38:58 - INFO - Server is running on port: 3030
18/02/2022, 23:39:32 - INFO - Server is running on port: 3030
19/02/2022, 14:26:35 - INFO - Server is running on port: 3030
19/02/2022, 14:28:03 - DEBUG - auth.service - signup with emailAddress: sjdnSx, firstName: sjdnx@gmail.com
19/02/2022, 14:28:13 - DEBUG - auth.route - new account created: {"emailAddress":"sjdnx@gmail.com","password":"$2b$10$fV9T8N3dADpIu4kOxJkhmO307qHbhcJHBV7UR1FZ3x1IAerhi./qa","firstName":"sjdnSx","favMedia":[],"isNew":true,"img":"","_id":"6210e25df17534cbb230c0e8"}
19/02/2022, 14:28:13 - DEBUG - auth.service - login with emailAddress: sjdnx@gmail.com
19/02/2022, 14:28:26 - INFO - Req!!!
19/02/2022, 14:28:26 - INFO - Req from: sjdnSx
19/02/2022, 14:28:41 - DEBUG - auth.service - signup with emailAddress: sjdhgjasd, firstName: asdhbhb@gmail.com
19/02/2022, 14:28:42 - DEBUG - auth.route - new account created: {"emailAddress":"asdhbhb@gmail.com","password":"$2b$10$.WeAQOPUBp/lptL6N11ZbOEkd/j8qrMzIfXA9GtIyR01353tHZodq","firstName":"sjdhgjasd","favMedia":[],"isNew":true,"img":"","_id":"6210e27af17534cbb230c0e9"}
19/02/2022, 14:28:42 - DEBUG - auth.service - login with emailAddress: asdhbhb@gmail.com
19/02/2022, 14:28:47 - INFO - Req!!!
19/02/2022, 14:28:47 - INFO - Req from: sjdhgjasd
19/02/2022, 14:29:17 - INFO - Req!!!
19/02/2022, 14:29:17 - INFO - Req from: sjdhgjasd
19/02/2022, 14:29:21 - INFO - Req!!!
19/02/2022, 14:29:21 - INFO - Req from: sjdhgjasd
19/02/2022, 14:44:14 - INFO - Req!!!
19/02/2022, 14:44:14 - INFO - Req from: sjdhgjasd
19/02/2022, 14:49:41 - INFO - Req!!!
19/02/2022, 14:49:41 - INFO - Req from: sjdhgjasd
19/02/2022, 14:49:54 - INFO - Req!!!
19/02/2022, 14:49:54 - INFO - Req from: sjdhgjasd
19/02/2022, 14:50:05 - INFO - Req!!!
19/02/2022, 14:50:05 - INFO - Req from: sjdhgjasd
19/02/2022, 14:59:19 - INFO - Req!!!
19/02/2022, 14:59:19 - INFO - Req from: sjdhgjasd
19/02/2022, 15:00:22 - INFO - Req!!!
19/02/2022, 15:00:22 - INFO - Req from: sjdhgjasd
19/02/2022, 15:01:17 - INFO - Req!!!
19/02/2022, 15:01:17 - INFO - Req from: sjdhgjasd
19/02/2022, 15:05:48 - INFO - Req!!!
19/02/2022, 15:05:48 - INFO - Req from: sjdhgjasd
19/02/2022, 15:07:35 - INFO - Req!!!
19/02/2022, 15:07:35 - INFO - Req from: sjdhgjasd
19/02/2022, 15:29:51 - INFO - Server is running on port: 3030
19/02/2022, 18:12:48 - INFO - Server is running on port: 3030
19/02/2022, 18:15:04 - DEBUG - auth.service - signup with emailAddress: sajdhawks, firstName: sajdhawks@gmail.com
19/02/2022, 18:15:06 - DEBUG - auth.route - new account created: {"emailAddress":"sajdhawks@gmail.com","password":"$2b$10$YwWL16N0bN341kpGxo.v6.9bBOGbzs0flbU6U83cd80m9NEzYgedW","firstName":"sajdhawks","favMedia":[],"isNew":true,"img":"","_id":"6211178ab966786a7d4f5e55"}
19/02/2022, 18:15:06 - DEBUG - auth.service - login with emailAddress: sajdhawks@gmail.com
19/02/2022, 18:15:11 - INFO - Req!!!
19/02/2022, 18:15:11 - INFO - Req from: sajdhawks
19/02/2022, 19:06:54 - INFO - Req!!!
19/02/2022, 19:06:54 - INFO - Req from: sajdhawks
20/02/2022, 10:24:22 - INFO - Server is running on port: 3030
20/02/2022, 10:25:25 - INFO - Server is running on port: 3030
20/02/2022, 10:30:09 - DEBUG - auth.service - signup with emailAddress: susisdhf, firstName: susisdhf@gmail.com
20/02/2022, 10:30:11 - DEBUG - auth.route - new account created: {"emailAddress":"susisdhf@gmail.com","password":"$2b$10$sZRbV5yFxZhIeQNCVIkMBOjwPrcNa2S1j0uqmyRcwzP60v1P2E9.y","firstName":"susisdhf","favMedia":[],"isNew":true,"img":"","_id":"6211fc125d8d1b2a8d89907b"}
20/02/2022, 10:30:11 - DEBUG - auth.service - login with emailAddress: susisdhf@gmail.com
20/02/2022, 10:33:46 - INFO - Req!!!
20/02/2022, 10:33:46 - INFO - Req from: susisdhf
20/02/2022, 10:40:55 - INFO - Req!!!
20/02/2022, 10:40:55 - INFO - Req from: susisdhf
20/02/2022, 10:46:00 - INFO - Req!!!
20/02/2022, 10:46:00 - INFO - Req from: susisdhf
20/02/2022, 10:47:44 - INFO - Req!!!
20/02/2022, 10:47:44 - INFO - Req from: susisdhf
20/02/2022, 10:47:48 - INFO - Req!!!
20/02/2022, 10:47:48 - INFO - Req from: susisdhf
20/02/2022, 10:47:53 - INFO - Req!!!
20/02/2022, 10:47:53 - INFO - Req from: susisdhf
20/02/2022, 12:14:58 - INFO - Req!!!
20/02/2022, 12:14:58 - INFO - Req from: susisdhf
20/02/2022, 12:15:32 - INFO - Req!!!
20/02/2022, 12:15:32 - INFO - Req from: susisdhf
20/02/2022, 12:44:48 - DEBUG - auth.service - signup with emailAddress: susi, firstName: susi@gmail.com
20/02/2022, 12:44:49 - DEBUG - auth.route - new account created: {"emailAddress":"susi@gmail.com","password":"$2b$10$/z1UrR0DJWoBrQTInMd9tupwunSS.AKyRFMZygXI.bmxsOsmPxZde","firstName":"susi","favMedia":[],"isNew":true,"img":"","_id":"62121ba05d8d1b2a8d89907c"}
20/02/2022, 12:44:49 - DEBUG - auth.service - login with emailAddress: susi@gmail.com
20/02/2022, 12:44:55 - INFO - Req!!!
20/02/2022, 12:44:55 - INFO - Req from: susi
20/02/2022, 13:19:12 - INFO - Server is running on port: 3030
20/02/2022, 13:20:24 - DEBUG - auth.service - signup with emailAddress: asdhgvjh@gmail.com, firstName: asdhgvjh@gmail.com
20/02/2022, 13:20:26 - DEBUG - auth.route - new account created: {"emailAddress":"asdhgvjh@gmail.com","password":"$2b$10$c9dugB9uuw85cHX/usUoneTsCaj0jTtDh6BR4dxtN4h6n8PwiVn9m","firstName":"asdhgvjh@gmail.com","favMedia":[],"isNew":true,"img":"","_id":"621223fad1699b379d4d8bf8"}
20/02/2022, 13:20:26 - DEBUG - auth.service - login with emailAddress: asdhgvjh@gmail.com
20/02/2022, 13:20:28 - INFO - Req!!!
20/02/2022, 13:20:28 - INFO - Req from: asdhgvjh@gmail.com
20/02/2022, 13:22:11 - INFO - Req!!!
20/02/2022, 13:22:11 - INFO - Req from: asdhgvjh@gmail.com
20/02/2022, 13:23:01 - INFO - Server is running on port: 3030
20/02/2022, 13:24:47 - INFO - Server is running on port: 3030
20/02/2022, 13:24:57 - INFO - Server is running on port: 3030
20/02/2022, 13:25:23 - INFO - Server is running on port: 3030
20/02/2022, 14:32:33 - INFO - Server is running on port: 3030
20/02/2022, 14:33:02 - INFO - Server is running on port: 3030
20/02/2022, 14:35:20 - DEBUG - auth.service - signup with emailAddress: sadhgsajd@gmail.com, firstName: sadhgsajd@gmail.com
20/02/2022, 14:35:26 - DEBUG - auth.route - new account created: {"emailAddress":"sadhgsajd@gmail.com","password":"$2b$10$8amaGdrW/vhl27085FH3YeciesshLnqwsqih.kumk9LLe1TYbypPW","firstName":"sadhgsajd@gmail.com","favMedia":[],"isNew":true,"img":"","_id":"6212358e62b966d7e7be7127"}
20/02/2022, 14:35:26 - DEBUG - auth.service - login with emailAddress: sadhgsajd@gmail.com
20/02/2022, 14:35:29 - INFO - Req!!!
20/02/2022, 14:35:29 - INFO - Req from: sadhgsajd@gmail.com
20/02/2022, 14:35:50 - INFO - Req!!!
20/02/2022, 14:35:50 - INFO - Req from: sadhgsajd@gmail.com
20/02/2022, 14:35:54 - INFO - Req!!!
20/02/2022, 14:35:54 - INFO - Req from: sadhgsajd@gmail.com
20/02/2022, 14:59:09 - INFO - Server is running on port: 3030
20/02/2022, 15:01:18 - INFO - Server is running on port: 3030
20/02/2022, 15:01:37 - INFO - Server is running on port: 3030
20/02/2022, 19:15:42 - INFO - Server is running on port: 3030
20/02/2022, 19:22:44 - DEBUG - auth.service - signup with emailAddress: asjdsak, firstName: asjdsak@gmail.com
20/02/2022, 19:22:50 - DEBUG - auth.route - new account created: {"emailAddress":"asjdsak@gmail.com","password":"$2b$10$dQS9J1m.S4t1Qt1yIYd1GeCviQtj/xCPyJwGmylsR9F8RlaTNPRHS","firstName":"asjdsak","favMedia":[],"isNew":true,"img":"","_id":"621278eacc8dd734e475d1f8"}
20/02/2022, 19:22:50 - DEBUG - auth.service - login with emailAddress: asjdsak@gmail.com
20/02/2022, 19:22:59 - INFO - Req!!!
20/02/2022, 19:22:59 - INFO - Req from: asjdsak
20/02/2022, 19:25:57 - INFO - Req!!!
20/02/2022, 19:25:57 - INFO - Req from: asjdsak
20/02/2022, 19:26:37 - INFO - Req!!!
20/02/2022, 19:26:37 - INFO - Req from: asjdsak
20/02/2022, 19:26:46 - INFO - Req!!!
20/02/2022, 19:26:46 - INFO - Req from: asjdsak
20/02/2022, 19:35:38 - INFO - Req!!!
20/02/2022, 19:35:38 - INFO - Req from: asjdsak
20/02/2022, 19:35:40 - INFO - Req!!!
20/02/2022, 19:35:40 - INFO - Req from: asjdsak
20/02/2022, 19:39:59 - INFO - Req!!!
20/02/2022, 19:39:59 - INFO - Req from: asjdsak
20/02/2022, 19:40:02 - INFO - Req!!!
20/02/2022, 19:40:02 - INFO - Req from: asjdsak
20/02/2022, 19:40:04 - INFO - Req!!!
20/02/2022, 19:40:04 - INFO - Req from: asjdsak
20/02/2022, 19:40:06 - INFO - Req!!!
20/02/2022, 19:40:06 - INFO - Req from: asjdsak
20/02/2022, 19:40:08 - INFO - Req!!!
20/02/2022, 19:40:08 - INFO - Req from: asjdsak
20/02/2022, 19:40:14 - INFO - Req!!!
20/02/2022, 19:40:14 - INFO - Req from: asjdsak
20/02/2022, 19:41:53 - INFO - Req!!!
20/02/2022, 19:41:53 - INFO - Req from: asjdsak
20/02/2022, 19:51:52 - INFO - Req!!!
20/02/2022, 19:51:52 - INFO - Req from: asjdsak
20/02/2022, 19:52:53 - INFO - Req!!!
20/02/2022, 19:52:53 - INFO - Req from: asjdsak
20/02/2022, 20:08:21 - INFO - Req!!!
20/02/2022, 20:08:21 - INFO - Req from: asjdsak
20/02/2022, 20:08:30 - INFO - Req!!!
20/02/2022, 20:08:30 - INFO - Req from: asjdsak
20/02/2022, 20:09:33 - INFO - Req!!!
20/02/2022, 20:09:33 - INFO - Req from: asjdsak
20/02/2022, 20:29:09 - INFO - Req!!!
20/02/2022, 20:29:09 - INFO - Req from: asjdsak
20/02/2022, 20:33:42 - INFO - Server is running on port: 3030
20/02/2022, 20:36:09 - DEBUG - auth.service - signup with emailAddress: daksjhf@gmail.com, firstName: daksjhf@gmail.com
20/02/2022, 20:36:12 - DEBUG - auth.route - new account created: {"emailAddress":"daksjhf@gmail.com","password":"$2b$10$8RqCVvF9VqewLzTOIXkmgeY.3mrX.voDiAkC7vToMSI8p6uawAnmi","firstName":"daksjhf@gmail.com","favMedia":[],"isNew":true,"img":"","_id":"62128a1c4d86612f4e9205b3"}
20/02/2022, 20:36:12 - DEBUG - auth.service - login with emailAddress: daksjhf@gmail.com
20/02/2022, 20:37:44 - INFO - Server is running on port: 3030
20/02/2022, 20:38:14 - INFO - Server is running on port: 3030
20/02/2022, 20:38:36 - INFO - Server is running on port: 3030
21/02/2022, 10:04:10 - INFO - Server is running on port: 3030
21/02/2022, 10:04:45 - INFO - Server is running on port: 3030
21/02/2022, 12:32:48 - INFO - Server is running on port: 3030
21/02/2022, 13:41:26 - INFO - Server is running on port: 3030
24/02/2022, 11:09:16 - INFO - Server is running on port: 3030
24/02/2022, 11:12:32 - DEBUG - auth.service - signup with emailAddress: fufu, firstName: fufu@gmail.com
24/02/2022, 11:12:34 - DEBUG - auth.route - new account created: {"emailAddress":"fufu@gmail.com","password":"$2b$10$lLGheO4E8ttSEepPp5.uFOlc2BGjGL6dtt3lByRzpV8/rlqFMSXoi","firstName":"fufu","favMedia":[],"isNew":true,"img":"","_id":"62174c02bc52e0b9e08b1e42"}
24/02/2022, 11:12:34 - DEBUG - auth.service - login with emailAddress: fufu@gmail.com
24/02/2022, 11:12:36 - INFO - Req!!!
24/02/2022, 11:12:36 - INFO - Req from: fufu
24/02/2022, 11:13:02 - INFO - Req!!!
24/02/2022, 11:13:02 - INFO - Req from: fufu
24/02/2022, 17:51:01 - INFO - Server is running on port: 3030
24/02/2022, 22:13:01 - DEBUG - auth.service - signup with emailAddress: sundos, firstName: sundosgutty@gmail.com
24/02/2022, 22:13:02 - DEBUG - auth.route - new account created: {"emailAddress":"sundosgutty@gmail.com","password":"$2b$10$SYubSyMo3jvq8WqFyzVbV.Pep/4wTJbuzfJvmqtlAxfr4NRcEE8jC","firstName":"sundos","favMedia":[],"isNew":true,"img":"","_id":"6217e6ce93ac69509781a7d9"}
24/02/2022, 22:13:02 - DEBUG - auth.service - login with emailAddress: sundosgutty@gmail.com
24/02/2022, 22:13:04 - INFO - Req!!!
24/02/2022, 22:13:04 - INFO - Req from: sundos
24/02/2022, 22:55:15 - DEBUG - auth.service - signup with emailAddress: nur, firstName: nur@gmail.com
24/02/2022, 22:55:16 - DEBUG - auth.route - new account created: {"emailAddress":"nur@gmail.com","password":"$2b$10$9wlmtSdN4nGN9yCAe4TXjuBSYutbfnubzHBT98oeG5J5r8mHofdw.","firstName":"nur","favMedia":[],"isNew":true,"img":"","_id":"6217f0b393ac69509781a7da"}
24/02/2022, 22:55:16 - DEBUG - auth.service - login with emailAddress: nur@gmail.com
24/02/2022, 22:55:20 - INFO - Req!!!
24/02/2022, 22:55:20 - INFO - Req from: nur
24/02/2022, 22:55:33 - DEBUG - auth.service - login with emailAddress: nur@gmail.com
24/02/2022, 23:14:14 - INFO - Req!!!
24/02/2022, 23:14:14 - INFO - Req from: nur
24/02/2022, 23:14:29 - DEBUG - auth.service - login with emailAddress: undefined
24/02/2022, 23:14:29 - ERROR - Failed to Login Invalid emailAddress or password
24/02/2022, 23:26:04 - DEBUG - auth.service - signup with emailAddress: sjd, firstName: sjd@gmail.com
24/02/2022, 23:26:04 - DEBUG - auth.route - new account created: {"emailAddress":"sjd@gmail.com","password":"$2b$10$ynHW/rfodp1tfTr6qz84Uu1ANgjIBPgJtcbpTo/9U458qcnizDEvS","firstName":"sjd","favMedia":[],"isNew":true,"img":"","_id":"6217f7ec93ac69509781a7db"}
24/02/2022, 23:26:04 - DEBUG - auth.service - login with emailAddress: sjd@gmail.com
24/02/2022, 23:26:07 - INFO - Req!!!
24/02/2022, 23:26:07 - INFO - Req from: sjd
24/02/2022, 23:26:29 - DEBUG - auth.service - login with emailAddress: sjd@gmail.com
24/02/2022, 23:26:37 - INFO - Req!!!
24/02/2022, 23:26:37 - INFO - Req from: sjd
24/02/2022, 23:29:09 - DEBUG - auth.service - login with emailAddress: undefined
24/02/2022, 23:29:09 - ERROR - Failed to Login Invalid emailAddress or password
24/02/2022, 23:30:52 - DEBUG - auth.service - login with emailAddress: sundosgutty@gmail.com
24/02/2022, 23:30:59 - DEBUG - auth.service - login with emailAddress: sundosgutty@gmail.com
24/02/2022, 23:32:51 - DEBUG - auth.service - login with emailAddress: sundosgutty@gmail.com
24/02/2022, 23:33:11 - DEBUG - auth.service - login with emailAddress: sundosgutty@gmail.com
24/02/2022, 23:33:12 - DEBUG - auth.service - login with emailAddress: sundosgutty@gmail.com
24/02/2022, 23:33:17 - INFO - Req!!!
24/02/2022, 23:33:17 - INFO - Req from: sundos
24/02/2022, 23:34:02 - DEBUG - auth.service - login with emailAddress: sundosgutty@gmail.com
24/02/2022, 23:34:45 - INFO - Req!!!
24/02/2022, 23:34:45 - INFO - Req from: sundos
25/02/2022, 20:00:20 - INFO - Server is running on port: 3030
25/02/2022, 20:07:25 - DEBUG - auth.service - login with emailAddress: sundosgutty@gmail.com
25/02/2022, 20:12:40 - DEBUG - auth.service - login with emailAddress: sundosgutty@gmail.com
25/02/2022, 20:13:27 - INFO - Req!!!
25/02/2022, 20:13:27 - INFO - Req from: sundos
25/02/2022, 20:14:04 - INFO - Req!!!
25/02/2022, 20:14:04 - INFO - Req from: sundos
25/02/2022, 20:17:03 - INFO - Req!!!
25/02/2022, 20:17:03 - INFO - Req from: sundos
25/02/2022, 20:18:06 - DEBUG - auth.service - login with emailAddress: sundosgutty@gmail.com
25/02/2022, 22:42:11 - INFO - Req!!!
25/02/2022, 22:42:11 - INFO - Req from: sundos
25/02/2022, 22:42:27 - DEBUG - auth.service - login with emailAddress: 
25/02/2022, 22:42:28 - ERROR - Failed to Login Invalid emailAddress or password
26/02/2022, 9:21:48 - INFO - Server is running on port: 3030
26/02/2022, 10:03:48 - INFO - Server is running on port: 3030
26/02/2022, 10:04:04 - INFO - Server is running on port: 3030
26/02/2022, 10:04:39 - INFO - Server is running on port: 3030
26/02/2022, 10:05:41 - INFO - Server is running on port: 3030
26/02/2022, 10:05:56 - DEBUG - auth.service - signup with emailAddress: susiuhsc, firstName: susiuhsc@gmail.com
26/02/2022, 10:05:57 - DEBUG - auth.route - new account created: {"emailAddress":"susiuhsc@gmail.com","password":"$2b$10$HGBFZCQryBpMDLEb7CWiYuyuZroj1FIr9kytQbBATT5H2MRjHnKcS","firstName":"susiuhsc","favMedia":[],"isNew":true,"img":"","_id":"6219df652b01a6059b761deb"}
26/02/2022, 10:05:57 - DEBUG - auth.service - login with emailAddress: susiuhsc@gmail.com
26/02/2022, 10:06:00 - INFO - Req!!!
26/02/2022, 10:06:00 - INFO - Req from: susiuhsc
26/02/2022, 10:06:31 - INFO - Server is running on port: 3030
26/02/2022, 10:06:37 - INFO - Server is running on port: 3030
26/02/2022, 10:09:12 - DEBUG - auth.service - login with emailAddress: undefined
26/02/2022, 10:09:12 - ERROR - Failed to Login Invalid emailAddress or password
26/02/2022, 10:26:17 - DEBUG - auth.service - login with emailAddress: undefined
26/02/2022, 10:26:17 - ERROR - Failed to Login Invalid emailAddress or password
26/02/2022, 12:03:21 - DEBUG - auth.service - login with emailAddress: sundosgutty@gmail.com
26/02/2022, 12:03:27 - INFO - Req!!!
26/02/2022, 12:03:27 - INFO - Req from: sundos
26/02/2022, 12:57:20 - DEBUG - auth.service - login with emailAddress: sundosgutty@gmail.com
26/02/2022, 12:57:26 - INFO - Req!!!
26/02/2022, 12:57:26 - INFO - Req from: sundos
26/02/2022, 12:59:21 - INFO - Server is running on port: 3030
26/02/2022, 12:59:31 - INFO - Server is running on port: 3030
26/02/2022, 12:59:44 - INFO - Server is running on port: 3030
26/02/2022, 13:00:03 - INFO - Server is running on port: 3030
26/02/2022, 14:30:43 - INFO - Server is running on port: 3030
26/02/2022, 16:01:07 - DEBUG - auth.service - login with emailAddress: sundosgutty@gmail.com
26/02/2022, 16:01:12 - INFO - Req!!!
26/02/2022, 16:01:12 - INFO - Req from: sundos
26/02/2022, 16:46:20 - INFO - Req!!!
26/02/2022, 16:46:20 - INFO - Req from: sundos
26/02/2022, 16:46:43 - INFO - Req!!!
26/02/2022, 16:46:43 - INFO - Req from: sundos
26/02/2022, 19:02:33 - INFO - Req!!!
26/02/2022, 19:02:33 - INFO - Req from: sundos
26/02/2022, 19:30:17 - INFO - Req!!!
26/02/2022, 19:30:17 - INFO - Req from: sundos
26/02/2022, 20:38:22 - INFO - Req!!!
26/02/2022, 20:38:22 - INFO - Req from: sundos
26/02/2022, 20:40:43 - INFO - Req!!!
26/02/2022, 20:40:43 - INFO - Req from: sundos
26/02/2022, 20:45:35 - INFO - Req!!!
26/02/2022, 20:45:35 - INFO - Req from: sundos
26/02/2022, 21:00:23 - INFO - Req!!!
26/02/2022, 21:00:23 - INFO - Req from: sundos
26/02/2022, 21:03:41 - INFO - Req!!!
26/02/2022, 21:03:41 - INFO - Req from: sundos
26/02/2022, 21:38:59 - INFO - Req!!!
26/02/2022, 21:38:59 - INFO - Req from: sundos
26/02/2022, 21:43:18 - INFO - Req!!!
26/02/2022, 21:43:18 - INFO - Req from: sundos
27/02/2022, 9:27:24 - INFO - Server is running on port: 3030
27/02/2022, 9:28:35 - DEBUG - auth.service - login with emailAddress: sundosgutty@gmail.com
27/02/2022, 9:28:56 - INFO - Req!!!
27/02/2022, 9:28:56 - INFO - Req from: sundos
27/02/2022, 9:41:08 - INFO - Req!!!
27/02/2022, 9:41:08 - INFO - Req from: sundos
27/02/2022, 9:43:49 - INFO - Req!!!
27/02/2022, 9:43:49 - INFO - Req from: sundos
27/02/2022, 9:45:09 - INFO - Req!!!
27/02/2022, 9:45:09 - INFO - Req from: sundos
27/02/2022, 9:51:17 - INFO - Req!!!
27/02/2022, 9:51:17 - INFO - Req from: sundos
27/02/2022, 9:53:05 - INFO - Req!!!
27/02/2022, 9:53:05 - INFO - Req from: sundos
27/02/2022, 9:54:52 - INFO - Req!!!
27/02/2022, 9:54:52 - INFO - Req from: sundos
27/02/2022, 10:04:30 - INFO - Req!!!
27/02/2022, 10:04:30 - INFO - Req from: sundos
27/02/2022, 10:04:46 - INFO - Req!!!
27/02/2022, 10:04:46 - INFO - Req from: sundos
27/02/2022, 10:05:42 - INFO - Req!!!
27/02/2022, 10:05:42 - INFO - Req from: sundos
27/02/2022, 10:06:00 - INFO - Req!!!
27/02/2022, 10:06:00 - INFO - Req from: sundos
27/02/2022, 10:06:13 - INFO - Req!!!
27/02/2022, 10:06:13 - INFO - Req from: sundos
27/02/2022, 10:31:56 - INFO - Req!!!
27/02/2022, 10:31:56 - INFO - Req from: sundos
27/02/2022, 10:32:06 - INFO - Req!!!
27/02/2022, 10:32:06 - INFO - Req from: sundos
27/02/2022, 10:32:17 - INFO - Req!!!
27/02/2022, 10:32:17 - INFO - Req from: sundos
27/02/2022, 10:32:20 - INFO - Req!!!
27/02/2022, 10:32:20 - INFO - Req from: sundos
27/02/2022, 10:32:31 - INFO - Req!!!
27/02/2022, 10:32:31 - INFO - Req from: sundos
27/02/2022, 11:00:05 - INFO - Req!!!
27/02/2022, 11:00:05 - INFO - Req from: sundos
27/02/2022, 11:02:01 - INFO - Req!!!
27/02/2022, 11:02:01 - INFO - Req from: sundos
27/02/2022, 11:02:12 - INFO - Req!!!
27/02/2022, 11:02:12 - INFO - Req from: sundos
27/02/2022, 11:07:12 - INFO - Req!!!
27/02/2022, 11:07:12 - INFO - Req from: sundos
27/02/2022, 11:08:24 - INFO - Req!!!
27/02/2022, 11:08:24 - INFO - Req from: sundos
27/02/2022, 11:09:00 - INFO - Req!!!
27/02/2022, 11:09:00 - INFO - Req from: sundos
27/02/2022, 11:10:06 - INFO - Req!!!
27/02/2022, 11:10:06 - INFO - Req from: sundos
27/02/2022, 11:11:14 - INFO - Req!!!
27/02/2022, 11:11:14 - INFO - Req from: sundos
27/02/2022, 11:11:28 - INFO - Req!!!
27/02/2022, 11:11:28 - INFO - Req from: sundos
27/02/2022, 11:11:42 - INFO - Req!!!
27/02/2022, 11:11:42 - INFO - Req from: sundos
27/02/2022, 11:18:42 - INFO - Req!!!
27/02/2022, 11:18:42 - INFO - Req from: sundos
27/02/2022, 11:21:43 - INFO - Req!!!
27/02/2022, 11:21:43 - INFO - Req from: sundos
27/02/2022, 11:21:46 - INFO - Req!!!
27/02/2022, 11:21:46 - INFO - Req from: sundos
27/02/2022, 11:22:02 - INFO - Req!!!
27/02/2022, 11:22:02 - INFO - Req from: sundos
27/02/2022, 11:32:15 - DEBUG - auth.service - login with emailAddress: sundosgutty@gmail.com
27/02/2022, 11:32:18 - INFO - Req!!!
27/02/2022, 11:32:18 - INFO - Req from: sundos
27/02/2022, 11:32:50 - INFO - Req!!!
27/02/2022, 11:32:50 - INFO - Req from: sundos
27/02/2022, 11:33:35 - INFO - Req!!!
27/02/2022, 11:33:35 - INFO - Req from: sundos
27/02/2022, 11:38:00 - INFO - Req!!!
27/02/2022, 11:38:00 - INFO - Req from: sundos
27/02/2022, 11:38:11 - INFO - Req!!!
27/02/2022, 11:38:11 - INFO - Req from: sundos
27/02/2022, 11:39:20 - INFO - Req!!!
27/02/2022, 11:39:20 - INFO - Req from: sundos
27/02/2022, 11:39:37 - INFO - Req!!!
27/02/2022, 11:39:37 - INFO - Req from: sundos
27/02/2022, 11:40:27 - INFO - Req!!!
27/02/2022, 11:40:27 - INFO - Req from: sundos
27/02/2022, 11:40:38 - INFO - Req!!!
27/02/2022, 11:40:38 - INFO - Req from: sundos
27/02/2022, 11:40:53 - INFO - Req!!!
27/02/2022, 11:40:53 - INFO - Req from: sundos
27/02/2022, 11:43:48 - INFO - Req!!!
27/02/2022, 11:43:48 - INFO - Req from: sundos
27/02/2022, 11:44:01 - INFO - Req!!!
27/02/2022, 11:44:01 - INFO - Req from: sundos
27/02/2022, 11:52:55 - INFO - Req!!!
27/02/2022, 11:52:55 - INFO - Req from: sundos
27/02/2022, 11:53:05 - INFO - Req!!!
27/02/2022, 11:53:05 - INFO - Req from: sundos
27/02/2022, 11:53:25 - INFO - Req!!!
27/02/2022, 11:53:25 - INFO - Req from: sundos
27/02/2022, 11:53:38 - INFO - Req!!!
27/02/2022, 11:53:38 - INFO - Req from: sundos
27/02/2022, 11:53:51 - INFO - Req!!!
27/02/2022, 11:53:51 - INFO - Req from: sundos
27/02/2022, 12:25:06 - INFO - Req!!!
27/02/2022, 12:25:06 - INFO - Req from: sundos
27/02/2022, 13:06:46 - INFO - Req!!!
27/02/2022, 13:06:46 - INFO - Req from: sundos
27/02/2022, 13:07:04 - INFO - Req!!!
27/02/2022, 13:07:04 - INFO - Req from: sundos
27/02/2022, 13:09:44 - INFO - Req!!!
27/02/2022, 13:09:44 - INFO - Req from: sundos
27/02/2022, 13:10:13 - INFO - Req!!!
27/02/2022, 13:10:13 - INFO - Req from: sundos
27/02/2022, 13:10:36 - INFO - Req!!!
27/02/2022, 13:10:36 - INFO - Req from: sundos
27/02/2022, 13:50:18 - INFO - Req!!!
27/02/2022, 13:50:18 - INFO - Req from: sundos
27/02/2022, 13:50:46 - INFO - Req!!!
27/02/2022, 13:50:46 - INFO - Req from: sundos
27/02/2022, 13:50:59 - INFO - Req!!!
27/02/2022, 13:50:59 - INFO - Req from: sundos
27/02/2022, 14:01:00 - INFO - Req!!!
27/02/2022, 14:01:00 - INFO - Req from: sundos
27/02/2022, 14:02:35 - INFO - Req!!!
27/02/2022, 14:02:35 - INFO - Req from: sundos
27/02/2022, 14:03:49 - INFO - Req!!!
27/02/2022, 14:03:49 - INFO - Req from: sundos
27/02/2022, 14:03:53 - INFO - Req!!!
27/02/2022, 14:03:53 - INFO - Req from: sundos
27/02/2022, 14:04:04 - INFO - Req!!!
27/02/2022, 14:04:04 - INFO - Req from: sundos
27/02/2022, 14:04:16 - INFO - Req!!!
27/02/2022, 14:04:16 - INFO - Req from: sundos
27/02/2022, 14:13:13 - INFO - Req!!!
27/02/2022, 14:13:13 - INFO - Req from: sundos
27/02/2022, 14:17:08 - INFO - Req!!!
27/02/2022, 14:17:08 - INFO - Req from: sundos
27/02/2022, 14:24:17 - INFO - Req!!!
27/02/2022, 14:24:17 - INFO - Req from: sundos
27/02/2022, 14:24:23 - INFO - Req!!!
27/02/2022, 14:24:23 - INFO - Req from: sundos
27/02/2022, 14:24:37 - INFO - Req!!!
27/02/2022, 14:24:37 - INFO - Req from: sundos
27/02/2022, 14:24:56 - INFO - Req!!!
27/02/2022, 14:24:56 - INFO - Req from: sundos
27/02/2022, 15:21:22 - INFO - Req!!!
27/02/2022, 15:21:22 - INFO - Req from: sundos
27/02/2022, 15:22:59 - INFO - Server is running on port: 3030
27/02/2022, 15:23:09 - INFO - Server is running on port: 3030
27/02/2022, 15:23:23 - INFO - Server is running on port: 3030
27/02/2022, 15:23:37 - INFO - Server is running on port: 3030
27/02/2022, 16:00:23 - INFO - Server is running on port: 3030
27/02/2022, 16:01:17 - DEBUG - auth.service - login with emailAddress: sundosgutty@gmail.com
27/02/2022, 16:01:19 - INFO - Req!!!
27/02/2022, 16:01:19 - INFO - Req from: sundos
27/02/2022, 16:01:42 - INFO - Req!!!
27/02/2022, 16:01:42 - INFO - Req from: sundos
27/02/2022, 16:04:33 - INFO - Req!!!
27/02/2022, 16:04:33 - INFO - Req from: sundos
27/02/2022, 16:04:59 - INFO - Req!!!
27/02/2022, 16:04:59 - INFO - Req from: sundos
27/02/2022, 16:05:02 - INFO - Req!!!
27/02/2022, 16:05:02 - INFO - Req from: sundos
27/02/2022, 16:05:10 - INFO - Req!!!
27/02/2022, 16:05:10 - INFO - Req from: sundos
27/02/2022, 16:05:14 - INFO - Req!!!
27/02/2022, 16:05:14 - INFO - Req from: sundos
27/02/2022, 17:34:37 - INFO - Req!!!
27/02/2022, 17:34:37 - INFO - Req from: sundos
27/02/2022, 17:40:47 - INFO - Req!!!
27/02/2022, 17:40:47 - INFO - Req from: sundos
27/02/2022, 17:43:59 - INFO - Req!!!
27/02/2022, 17:43:59 - INFO - Req from: sundos
27/02/2022, 20:27:37 - INFO - Req!!!
27/02/2022, 20:27:37 - INFO - Req from: sundos
27/02/2022, 20:28:06 - INFO - Req!!!
27/02/2022, 20:28:06 - INFO - Req from: sundos
27/02/2022, 20:32:48 - INFO - Req!!!
27/02/2022, 20:32:48 - INFO - Req from: sundos
27/02/2022, 20:33:37 - INFO - Req!!!
27/02/2022, 20:33:37 - INFO - Req from: sundos
27/02/2022, 20:38:03 - INFO - Req!!!
27/02/2022, 20:38:03 - INFO - Req from: sundos
27/02/2022, 21:04:07 - INFO - Req!!!
27/02/2022, 21:04:07 - INFO - Req from: sundos
27/02/2022, 21:04:10 - INFO - Req!!!
27/02/2022, 21:04:10 - INFO - Req from: sundos
27/02/2022, 21:05:14 - INFO - Req!!!
27/02/2022, 21:05:14 - INFO - Req from: sundos
27/02/2022, 22:17:43 - INFO - Req!!!
27/02/2022, 22:17:43 - INFO - Req from: sundos
27/02/2022, 22:22:24 - INFO - Req!!!
27/02/2022, 22:22:24 - INFO - Req from: sundos
27/02/2022, 22:25:31 - INFO - Req!!!
27/02/2022, 22:25:31 - INFO - Req from: sundos
27/02/2022, 22:26:01 - INFO - Req!!!
27/02/2022, 22:26:01 - INFO - Req from: sundos
27/02/2022, 22:26:08 - INFO - Req!!!
27/02/2022, 22:26:08 - INFO - Req from: sundos
27/02/2022, 22:45:49 - INFO - Req!!!
27/02/2022, 22:45:49 - INFO - Req from: sundos
27/02/2022, 22:45:53 - INFO - Req!!!
27/02/2022, 22:45:53 - INFO - Req from: sundos
27/02/2022, 22:46:04 - INFO - Req!!!
27/02/2022, 22:46:04 - INFO - Req from: sundos
27/02/2022, 22:46:17 - INFO - Req!!!
27/02/2022, 22:46:17 - INFO - Req from: sundos
27/02/2022, 22:47:24 - INFO - Req!!!
27/02/2022, 22:47:24 - INFO - Req from: sundos
27/02/2022, 22:47:41 - INFO - Req!!!
27/02/2022, 22:47:41 - INFO - Req from: sundos
27/02/2022, 22:48:06 - INFO - Req!!!
27/02/2022, 22:48:06 - INFO - Req from: sundos
27/02/2022, 22:48:39 - INFO - Req!!!
27/02/2022, 22:48:39 - INFO - Req from: sundos
27/02/2022, 22:50:00 - INFO - Req!!!
27/02/2022, 22:50:00 - INFO - Req from: sundos
27/02/2022, 22:51:08 - INFO - Req!!!
27/02/2022, 22:51:08 - INFO - Req from: sundos
27/02/2022, 22:51:10 - INFO - Req!!!
27/02/2022, 22:51:10 - INFO - Req from: sundos
27/02/2022, 22:51:13 - INFO - Req!!!
27/02/2022, 22:51:13 - INFO - Req from: sundos
27/02/2022, 22:54:02 - INFO - Req!!!
27/02/2022, 22:54:02 - INFO - Req from: sundos
27/02/2022, 22:54:35 - INFO - Req!!!
27/02/2022, 22:54:35 - INFO - Req from: sundos
27/02/2022, 22:55:04 - INFO - Req!!!
27/02/2022, 22:55:04 - INFO - Req from: sundos
27/02/2022, 22:55:31 - INFO - Req!!!
27/02/2022, 22:55:31 - INFO - Req from: sundos
27/02/2022, 22:57:20 - INFO - Req!!!
27/02/2022, 22:57:20 - INFO - Req from: sundos
27/02/2022, 22:57:22 - INFO - Req!!!
27/02/2022, 22:57:22 - INFO - Req from: sundos
27/02/2022, 22:57:28 - INFO - Req!!!
27/02/2022, 22:57:28 - INFO - Req from: sundos
27/02/2022, 22:58:48 - ERROR - while finding media undefined | {}
28/02/2022, 8:02:37 - INFO - Server is running on port: 3030
28/02/2022, 8:08:05 - DEBUG - auth.service - login with emailAddress: sundosgutty@gmail.com
28/02/2022, 8:08:12 - INFO - Req!!!
28/02/2022, 8:08:12 - INFO - Req from: sundos
28/02/2022, 8:17:47 - INFO - Server is running on port: 3030
28/02/2022, 8:20:10 - INFO - Req!!!
28/02/2022, 8:20:23 - INFO - Req!!!
28/02/2022, 8:22:12 - INFO - Req!!!
28/02/2022, 8:50:11 - INFO - Req!!!
28/02/2022, 8:50:23 - INFO - Req!!!
28/02/2022, 8:58:39 - INFO - Req!!!
28/02/2022, 8:59:02 - INFO - Req!!!
28/02/2022, 8:59:13 - INFO - Req!!!
28/02/2022, 9:03:22 - INFO - Req!!!
28/02/2022, 9:03:32 - INFO - Req!!!
28/02/2022, 9:04:46 - INFO - Req!!!
28/02/2022, 9:05:13 - INFO - Req!!!
28/02/2022, 9:06:28 - INFO - Req!!!
28/02/2022, 9:06:52 - INFO - Req!!!
28/02/2022, 9:07:04 - INFO - Req!!!
28/02/2022, 9:27:26 - INFO - Req!!!
28/02/2022, 9:27:55 - INFO - Req!!!
28/02/2022, 9:29:42 - INFO - Req!!!
28/02/2022, 9:30:41 - INFO - Req!!!
28/02/2022, 9:40:15 - INFO - Req!!!
28/02/2022, 9:41:27 - INFO - Req!!!
28/02/2022, 9:42:39 - INFO - Req!!!
28/02/2022, 9:42:59 - INFO - Req!!!
28/02/2022, 9:45:29 - INFO - Req!!!
28/02/2022, 9:45:36 - INFO - Req!!!
28/02/2022, 9:50:26 - INFO - Req!!!
28/02/2022, 10:18:35 - INFO - Req!!!
28/02/2022, 10:55:48 - INFO - Req!!!
28/02/2022, 10:56:35 - INFO - Req!!!
28/02/2022, 11:06:46 - INFO - Req!!!
28/02/2022, 11:07:25 - INFO - Req!!!
28/02/2022, 11:49:37 - INFO - Req!!!
28/02/2022, 11:49:40 - ERROR - cannot update user 6217e6ce93ac69509781a7d9 | {}
28/02/2022, 11:49:40 - ERROR - Failed to update user | {}
28/02/2022, 11:49:40 - ERROR - cannot update user 6217e6ce93ac69509781a7d9 | {}
28/02/2022, 11:49:40 - ERROR - Failed to update user | {}
28/02/2022, 11:49:40 - ERROR - cannot update user 6217e6ce93ac69509781a7d9 | {}
28/02/2022, 11:49:40 - ERROR - Failed to update user | {}
28/02/2022, 11:50:10 - INFO - Req!!!
28/02/2022, 11:53:38 - INFO - Req!!!
28/02/2022, 12:39:45 - INFO - Req!!!
28/02/2022, 12:39:46 - INFO - Req!!!
28/02/2022, 12:43:41 - INFO - Req!!!
28/02/2022, 12:43:46 - INFO - Req!!!
28/02/2022, 12:44:08 - INFO - Req!!!
28/02/2022, 12:44:36 - INFO - Req!!!
28/02/2022, 12:44:41 - INFO - Req!!!
28/02/2022, 12:46:33 - INFO - Req!!!
28/02/2022, 13:12:57 - INFO - Req!!!
28/02/2022, 13:13:55 - INFO - Req!!!
28/02/2022, 13:14:11 - INFO - Req!!!
28/02/2022, 13:14:23 - INFO - Req!!!
28/02/2022, 13:14:40 - INFO - Req!!!
28/02/2022, 13:15:16 - INFO - Req!!!
28/02/2022, 13:15:20 - INFO - Req!!!
28/02/2022, 13:21:20 - INFO - Req!!!
28/02/2022, 13:22:30 - INFO - Req!!!
28/02/2022, 13:22:30 - INFO - Req!!!
28/02/2022, 13:22:30 - INFO - Req!!!
28/02/2022, 13:22:30 - INFO - Req!!!
28/02/2022, 13:22:31 - INFO - Req!!!
28/02/2022, 13:22:31 - INFO - Req!!!
28/02/2022, 13:22:31 - INFO - Req!!!
28/02/2022, 13:22:31 - INFO - Req!!!
28/02/2022, 13:22:32 - INFO - Req!!!
28/02/2022, 13:22:32 - INFO - Req!!!
28/02/2022, 13:22:32 - INFO - Req!!!
28/02/2022, 13:22:32 - INFO - Req!!!
28/02/2022, 13:34:10 - INFO - Req!!!
28/02/2022, 13:34:12 - INFO - Req!!!
28/02/2022, 13:34:12 - INFO - Req!!!
28/02/2022, 13:34:42 - INFO - Req!!!
28/02/2022, 13:34:42 - INFO - Req!!!
28/02/2022, 13:35:42 - INFO - Req!!!
28/02/2022, 13:35:50 - INFO - Req!!!
28/02/2022, 13:35:50 - INFO - Req!!!
28/02/2022, 13:36:32 - INFO - Req!!!
28/02/2022, 14:06:46 - INFO - Server is running on port: 3030
28/02/2022, 14:06:53 - INFO - Server is running on port: 3030
28/02/2022, 14:07:05 - INFO - Server is running on port: 3030
28/02/2022, 14:07:21 - INFO - Server is running on port: 3030
28/02/2022, 17:48:47 - INFO - Server is running on port: 3030
28/02/2022, 17:50:06 - DEBUG - auth.service - login with emailAddress: sundosgutty@gmail.com
28/02/2022, 17:50:12 - INFO - Req!!!
28/02/2022, 17:50:12 - INFO - Req from: sundos
28/02/2022, 17:50:37 - INFO - Req!!!
28/02/2022, 17:50:37 - INFO - Req from: sundos
28/02/2022, 17:50:44 - INFO - Req!!!
28/02/2022, 17:50:44 - INFO - Req from: sundos
28/02/2022, 18:15:55 - INFO - Req!!!
28/02/2022, 18:15:55 - INFO - Req from: sundos
28/02/2022, 18:17:31 - INFO - Req!!!
28/02/2022, 18:17:31 - INFO - Req from: sundos
28/02/2022, 18:18:06 - INFO - Req!!!
28/02/2022, 18:18:06 - INFO - Req from: sundos
28/02/2022, 18:18:06 - INFO - Req!!!
28/02/2022, 18:18:06 - INFO - Req from: sundos
28/02/2022, 18:18:07 - INFO - Req!!!
28/02/2022, 18:18:07 - INFO - Req from: sundos
28/02/2022, 18:18:08 - INFO - Req!!!
28/02/2022, 18:18:08 - INFO - Req from: sundos
28/02/2022, 18:18:08 - INFO - Req!!!
28/02/2022, 18:18:08 - INFO - Req from: sundos
28/02/2022, 18:18:09 - INFO - Req!!!
28/02/2022, 18:18:09 - INFO - Req from: sundos
28/02/2022, 18:18:21 - INFO - Req!!!
28/02/2022, 18:18:21 - INFO - Req from: sundos
28/02/2022, 18:26:19 - INFO - Req!!!
28/02/2022, 18:26:19 - INFO - Req from: sundos
28/02/2022, 18:26:34 - INFO - Req!!!
28/02/2022, 18:26:34 - INFO - Req from: sundos
28/02/2022, 18:28:04 - INFO - Req!!!
28/02/2022, 18:28:04 - INFO - Req from: sundos
28/02/2022, 18:28:04 - INFO - Req!!!
28/02/2022, 18:28:04 - INFO - Req from: sundos
28/02/2022, 18:29:07 - INFO - Req!!!
28/02/2022, 18:29:07 - INFO - Req from: sundos
28/02/2022, 18:34:23 - INFO - Req!!!
28/02/2022, 18:34:23 - INFO - Req from: sundos
28/02/2022, 18:38:09 - INFO - Req!!!
28/02/2022, 18:38:09 - INFO - Req from: sundos
28/02/2022, 18:38:10 - INFO - Req!!!
28/02/2022, 18:38:10 - INFO - Req from: sundos
28/02/2022, 18:38:10 - INFO - Req!!!
28/02/2022, 18:38:10 - INFO - Req from: sundos
28/02/2022, 18:38:11 - INFO - Req!!!
28/02/2022, 18:38:11 - INFO - Req from: sundos
28/02/2022, 18:38:11 - INFO - Req!!!
28/02/2022, 18:38:11 - INFO - Req from: sundos
28/02/2022, 18:38:11 - INFO - Req!!!
28/02/2022, 18:38:11 - INFO - Req from: sundos
28/02/2022, 18:38:16 - INFO - Req!!!
28/02/2022, 18:38:16 - INFO - Req from: sundos
28/02/2022, 18:39:53 - INFO - Req!!!
28/02/2022, 18:39:53 - INFO - Req from: sundos
28/02/2022, 18:39:53 - INFO - Req!!!
28/02/2022, 18:39:53 - INFO - Req from: sundos
28/02/2022, 19:14:12 - INFO - Req!!!
28/02/2022, 19:14:12 - INFO - Req from: sundos
28/02/2022, 19:19:40 - INFO - Req!!!
28/02/2022, 19:19:40 - INFO - Req from: sundos
28/02/2022, 19:29:51 - INFO - Req!!!
28/02/2022, 19:29:51 - INFO - Req from: sundos
28/02/2022, 19:57:14 - INFO - Req!!!
28/02/2022, 19:57:14 - INFO - Req from: sundos
28/02/2022, 20:01:41 - INFO - Server is running on port: 3030
28/02/2022, 20:58:42 - INFO - Req!!!
28/02/2022, 21:31:10 - INFO - Server is running on port: 3030
28/02/2022, 21:32:47 - INFO - Req!!!
28/02/2022, 21:32:58 - INFO - Req!!!
28/02/2022, 21:39:31 - INFO - Req!!!
28/02/2022, 21:39:33 - INFO - Req!!!
28/02/2022, 21:39:33 - INFO - Req!!!
28/02/2022, 21:40:00 - DEBUG - auth.service - login with emailAddress: sundosgutty@gmail.com
28/02/2022, 21:40:03 - INFO - Req!!!
28/02/2022, 21:40:03 - INFO - Req from: sundos
28/02/2022, 21:40:03 - INFO - Req!!!
28/02/2022, 21:40:03 - INFO - Req from: sundos
28/02/2022, 21:40:26 - INFO - Req!!!
28/02/2022, 21:40:26 - INFO - Req from: sundos
28/02/2022, 21:40:27 - INFO - Req!!!
28/02/2022, 21:40:27 - INFO - Req from: sundos
28/02/2022, 21:40:30 - INFO - Req!!!
28/02/2022, 21:40:30 - INFO - Req from: sundos
28/02/2022, 21:40:31 - INFO - Req!!!
28/02/2022, 21:40:31 - INFO - Req from: sundos
28/02/2022, 21:40:31 - INFO - Req!!!
28/02/2022, 21:40:31 - INFO - Req from: sundos
28/02/2022, 21:40:31 - INFO - Req!!!
28/02/2022, 21:40:31 - INFO - Req from: sundos
28/02/2022, 21:41:15 - INFO - Server is running on port: 3030
28/02/2022, 22:19:02 - INFO - Server is running on port: 3030
28/02/2022, 22:21:34 - INFO - Server is running on port: 3030
28/02/2022, 22:21:42 - INFO - Server is running on port: 3030
28/02/2022, 22:21:58 - INFO - Server is running on port: 3030
28/02/2022, 22:22:05 - INFO - Req!!!
28/02/2022, 22:22:09 - INFO - Req!!!
28/02/2022, 22:22:09 - INFO - Req!!!
28/02/2022, 22:22:10 - INFO - Req!!!
28/02/2022, 22:22:10 - INFO - Req!!!
28/02/2022, 22:22:10 - INFO - Req!!!
28/02/2022, 22:34:15 - INFO - Server is running on port: 3030
28/02/2022, 22:39:25 - INFO - Server is running on port: 3030
01/03/2022, 9:06:39 - INFO - Server is running on port: 3030
01/03/2022, 9:07:33 - DEBUG - auth.service - login with emailAddress: sundosgutty@gmail.com
01/03/2022, 9:07:35 - INFO - Req!!!
01/03/2022, 9:07:35 - INFO - Req from: sundos
01/03/2022, 9:07:35 - INFO - Req!!!
01/03/2022, 9:07:35 - INFO - Req from: sundos
01/03/2022, 9:08:25 - INFO - Server is running on port: 3030
01/03/2022, 9:13:00 - INFO - Server is running on port: 3030
01/03/2022, 9:13:09 - INFO - Server is running on port: 3030
01/03/2022, 9:13:31 - INFO - Server is running on port: 3030
01/03/2022, 9:14:59 - INFO - Server is running on port: 3030
01/03/2022, 9:15:04 - INFO - Server is running on port: 3030
01/03/2022, 9:15:36 - INFO - Server is running on port: 3030
01/03/2022, 9:36:09 - INFO - Req!!!
01/03/2022, 9:36:09 - INFO - Req!!!
01/03/2022, 9:36:09 - INFO - Req!!!
01/03/2022, 9:36:10 - INFO - Req!!!
01/03/2022, 9:36:10 - INFO - Req!!!
01/03/2022, 9:36:11 - INFO - Req!!!
01/03/2022, 9:36:49 - INFO - Server is running on port: 3030
01/03/2022, 9:36:51 - INFO - Req!!!
01/03/2022, 9:36:51 - INFO - Req!!!
01/03/2022, 9:36:52 - INFO - Req!!!
01/03/2022, 9:36:52 - INFO - Req!!!
01/03/2022, 9:38:02 - INFO - Server is running on port: 3030
01/03/2022, 9:38:44 - INFO - Server is running on port: 3030
01/03/2022, 9:38:47 - INFO - Req!!!
01/03/2022, 9:38:55 - INFO - Req!!!
01/03/2022, 9:38:55 - INFO - Req!!!
01/03/2022, 9:38:55 - INFO - Req!!!
01/03/2022, 9:38:56 - INFO - Req!!!
01/03/2022, 9:38:57 - INFO - Req!!!
01/03/2022, 9:38:57 - INFO - Req!!!
01/03/2022, 9:39:44 - INFO - Server is running on port: 3030
01/03/2022, 9:39:56 - INFO - Server is running on port: 3030
01/03/2022, 9:39:59 - INFO - Req!!!
01/03/2022, 9:40:33 - INFO - Server is running on port: 3030
01/03/2022, 9:40:37 - INFO - Req!!!
01/03/2022, 9:40:37 - INFO - Req!!!
01/03/2022, 9:40:38 - INFO - Req!!!
01/03/2022, 9:40:38 - INFO - Req!!!
01/03/2022, 9:40:39 - INFO - Req!!!
01/03/2022, 9:40:39 - INFO - Req!!!
01/03/2022, 9:41:20 - INFO - Server is running on port: 3030
01/03/2022, 9:42:02 - INFO - Server is running on port: 3030
01/03/2022, 9:42:11 - INFO - Req!!!
01/03/2022, 9:42:11 - ERROR - cannot find medias | {}
01/03/2022, 9:42:11 - INFO - Req!!!
01/03/2022, 9:42:11 - ERROR - cannot find medias | {}
01/03/2022, 9:42:11 - INFO - Req!!!
01/03/2022, 9:42:11 - ERROR - cannot find medias | {}
01/03/2022, 9:42:12 - INFO - Req!!!
01/03/2022, 9:42:12 - ERROR - cannot find medias | {}
01/03/2022, 9:42:12 - INFO - Req!!!
01/03/2022, 9:42:12 - ERROR - cannot find medias | {}
01/03/2022, 9:42:31 - INFO - Server is running on port: 3030
01/03/2022, 9:43:32 - INFO - Req!!!
01/03/2022, 9:43:32 - ERROR - cannot find medias | {}
01/03/2022, 9:43:36 - INFO - Req!!!
01/03/2022, 9:43:36 - ERROR - cannot find medias | {}
01/03/2022, 9:43:36 - INFO - Req!!!
01/03/2022, 9:43:36 - ERROR - cannot find medias | {}
01/03/2022, 9:43:36 - INFO - Req!!!
01/03/2022, 9:43:36 - ERROR - cannot find medias | {}
01/03/2022, 9:43:36 - INFO - Req!!!
01/03/2022, 9:43:36 - ERROR - cannot find medias | {}
01/03/2022, 9:43:37 - INFO - Req!!!
01/03/2022, 9:43:37 - ERROR - cannot find medias | {}
01/03/2022, 9:43:52 - INFO - Req!!!
01/03/2022, 9:43:52 - ERROR - cannot find medias | {}
01/03/2022, 9:44:03 - INFO - Req!!!
01/03/2022, 9:44:03 - ERROR - cannot find medias | {}
01/03/2022, 9:44:03 - INFO - Req!!!
01/03/2022, 9:44:03 - ERROR - cannot find medias | {}
01/03/2022, 9:44:03 - INFO - Req!!!
01/03/2022, 9:44:03 - ERROR - cannot find medias | {}
01/03/2022, 9:44:03 - INFO - Req!!!
01/03/2022, 9:44:03 - ERROR - cannot find medias | {}
01/03/2022, 9:44:03 - INFO - Req!!!
01/03/2022, 9:44:03 - ERROR - cannot find medias | {}
01/03/2022, 9:44:04 - INFO - Req!!!
01/03/2022, 9:44:04 - ERROR - cannot find medias | {}
01/03/2022, 9:44:37 - INFO - Server is running on port: 3030
01/03/2022, 9:44:40 - INFO - Req!!!
01/03/2022, 9:44:40 - ERROR - cannot find medias | {}
01/03/2022, 9:44:41 - INFO - Req!!!
01/03/2022, 9:44:41 - ERROR - cannot find medias | {}
01/03/2022, 9:44:41 - INFO - Req!!!
01/03/2022, 9:44:41 - ERROR - cannot find medias | {}
01/03/2022, 9:44:41 - INFO - Req!!!
01/03/2022, 9:44:41 - ERROR - cannot find medias | {}
01/03/2022, 9:44:41 - INFO - Req!!!
01/03/2022, 9:44:41 - ERROR - cannot find medias | {}
01/03/2022, 9:45:07 - INFO - Server is running on port: 3030
01/03/2022, 9:45:12 - INFO - Req!!!
01/03/2022, 9:45:12 - ERROR - cannot find medias | {}
01/03/2022, 9:45:12 - INFO - Req!!!
01/03/2022, 9:45:12 - ERROR - cannot find medias | {}
01/03/2022, 9:46:39 - INFO - Req!!!
01/03/2022, 9:46:39 - ERROR - cannot find medias | {}
01/03/2022, 9:46:43 - INFO - Req!!!
01/03/2022, 9:46:43 - ERROR - cannot find medias | {}
01/03/2022, 9:46:43 - INFO - Req!!!
01/03/2022, 9:46:43 - ERROR - cannot find medias | {}
01/03/2022, 9:48:04 - INFO - Server is running on port: 3030
01/03/2022, 9:48:58 - INFO - Req!!!
01/03/2022, 9:48:58 - ERROR - cannot find medias | {}
01/03/2022, 9:49:03 - INFO - Req!!!
01/03/2022, 9:49:03 - ERROR - cannot find medias | {}
01/03/2022, 9:49:08 - INFO - Req!!!
01/03/2022, 9:49:08 - ERROR - cannot find medias | {}
01/03/2022, 9:49:08 - INFO - Req!!!
01/03/2022, 9:49:08 - ERROR - cannot find medias | {}
01/03/2022, 9:49:51 - INFO - Req!!!
01/03/2022, 9:49:51 - ERROR - cannot find medias | {}
01/03/2022, 9:49:55 - INFO - Req!!!
01/03/2022, 9:49:55 - ERROR - cannot find medias | {}
01/03/2022, 9:49:55 - INFO - Req!!!
01/03/2022, 9:49:55 - ERROR - cannot find medias | {}
01/03/2022, 9:50:52 - INFO - Server is running on port: 3030
01/03/2022, 9:51:04 - INFO - Server is running on port: 3030
01/03/2022, 9:51:27 - INFO - Req!!!
01/03/2022, 9:51:27 - ERROR - cannot find medias | {}
01/03/2022, 9:51:27 - INFO - Req!!!
01/03/2022, 9:51:27 - ERROR - cannot find medias | {}
01/03/2022, 9:51:27 - INFO - Req!!!
01/03/2022, 9:51:27 - ERROR - cannot find medias | {}
01/03/2022, 9:51:27 - INFO - Req!!!
01/03/2022, 9:51:27 - ERROR - cannot find medias | {}
01/03/2022, 9:51:27 - INFO - Req!!!
01/03/2022, 9:51:27 - ERROR - cannot find medias | {}
01/03/2022, 9:52:07 - INFO - Req!!!
01/03/2022, 9:52:07 - ERROR - cannot find medias | {}
01/03/2022, 9:52:32 - INFO - Server is running on port: 3030
01/03/2022, 9:52:35 - INFO - Req!!!
01/03/2022, 9:52:35 - ERROR - cannot find medias | {}
01/03/2022, 9:52:37 - INFO - Req!!!
01/03/2022, 9:52:37 - ERROR - cannot find medias | {}
01/03/2022, 9:52:37 - INFO - Req!!!
01/03/2022, 9:52:37 - ERROR - cannot find medias | {}
01/03/2022, 9:52:37 - INFO - Req!!!
01/03/2022, 9:52:37 - ERROR - cannot find medias | {}
01/03/2022, 9:52:37 - INFO - Req!!!
01/03/2022, 9:52:37 - ERROR - cannot find medias | {}
01/03/2022, 9:52:38 - INFO - Req!!!
01/03/2022, 9:52:38 - ERROR - cannot find medias | {}
01/03/2022, 9:52:38 - INFO - Req!!!
01/03/2022, 9:52:38 - ERROR - cannot find medias | {}
01/03/2022, 9:52:38 - INFO - Req!!!
01/03/2022, 9:52:38 - ERROR - cannot find medias | {}
01/03/2022, 9:52:39 - INFO - Req!!!
01/03/2022, 9:52:39 - ERROR - cannot find medias | {}
01/03/2022, 9:52:39 - INFO - Req!!!
01/03/2022, 9:52:39 - ERROR - cannot find medias | {}
01/03/2022, 9:53:12 - INFO - Server is running on port: 3030
01/03/2022, 9:53:16 - INFO - Req!!!
01/03/2022, 9:53:16 - ERROR - cannot find medias | {}
01/03/2022, 9:53:16 - INFO - Req!!!
01/03/2022, 9:53:16 - ERROR - cannot find medias | {}
01/03/2022, 9:53:17 - INFO - Req!!!
01/03/2022, 9:53:17 - ERROR - cannot find medias | {}
01/03/2022, 9:53:17 - INFO - Req!!!
01/03/2022, 9:53:17 - ERROR - cannot find medias | {}
01/03/2022, 9:53:17 - INFO - Req!!!
01/03/2022, 9:53:17 - ERROR - cannot find medias | {}
01/03/2022, 9:53:17 - INFO - Req!!!
01/03/2022, 9:53:17 - ERROR - cannot find medias | {}
01/03/2022, 9:53:17 - INFO - Req!!!
01/03/2022, 9:53:17 - ERROR - cannot find medias | {}
01/03/2022, 9:53:17 - INFO - Req!!!
01/03/2022, 9:53:17 - ERROR - cannot find medias | {}
01/03/2022, 9:53:37 - INFO - Server is running on port: 3030
01/03/2022, 9:53:51 - INFO - Server is running on port: 3030
01/03/2022, 9:53:54 - INFO - Req!!!
01/03/2022, 9:53:54 - ERROR - cannot find medias | {}
01/03/2022, 9:53:55 - INFO - Req!!!
01/03/2022, 9:53:55 - ERROR - cannot find medias | {}
01/03/2022, 9:53:55 - INFO - Req!!!
01/03/2022, 9:53:55 - ERROR - cannot find medias | {}
01/03/2022, 9:53:55 - INFO - Req!!!
01/03/2022, 9:53:55 - ERROR - cannot find medias | {}
01/03/2022, 9:53:55 - INFO - Req!!!
01/03/2022, 9:53:55 - ERROR - cannot find medias | {}
01/03/2022, 9:53:55 - INFO - Req!!!
01/03/2022, 9:53:55 - ERROR - cannot find medias | {}
01/03/2022, 9:53:56 - INFO - Req!!!
01/03/2022, 9:53:56 - ERROR - cannot find medias | {}
01/03/2022, 9:53:56 - INFO - Req!!!
01/03/2022, 9:53:56 - ERROR - cannot find medias | {}
01/03/2022, 9:53:56 - INFO - Req!!!
01/03/2022, 9:53:56 - ERROR - cannot find medias | {}
01/03/2022, 9:54:24 - INFO - Server is running on port: 3030
01/03/2022, 9:54:27 - INFO - Req!!!
01/03/2022, 9:54:27 - ERROR - cannot find medias | {}
01/03/2022, 9:54:27 - INFO - Req!!!
01/03/2022, 9:54:27 - ERROR - cannot find medias | {}
01/03/2022, 9:54:28 - INFO - Req!!!
01/03/2022, 9:54:28 - ERROR - cannot find medias | {}
01/03/2022, 9:54:28 - INFO - Req!!!
01/03/2022, 9:54:28 - ERROR - cannot find medias | {}
01/03/2022, 9:54:28 - INFO - Req!!!
01/03/2022, 9:54:28 - ERROR - cannot find medias | {}
01/03/2022, 9:54:28 - INFO - Req!!!
01/03/2022, 9:54:28 - ERROR - cannot find medias | {}
01/03/2022, 9:54:41 - INFO - Server is running on port: 3030
01/03/2022, 9:56:06 - INFO - Server is running on port: 3030
01/03/2022, 9:56:08 - INFO - Req!!!
01/03/2022, 9:56:09 - INFO - Req!!!
01/03/2022, 9:56:09 - INFO - Req!!!
01/03/2022, 9:56:09 - INFO - Req!!!
01/03/2022, 9:56:09 - INFO - Req!!!
01/03/2022, 9:56:09 - INFO - Req!!!
01/03/2022, 9:56:09 - INFO - Req!!!
01/03/2022, 9:56:10 - INFO - Req!!!
01/03/2022, 9:56:14 - INFO - Req!!!
01/03/2022, 9:56:15 - INFO - Req!!!
01/03/2022, 9:56:15 - INFO - Req!!!
01/03/2022, 9:56:15 - INFO - Req!!!
01/03/2022, 9:56:16 - INFO - Req!!!
01/03/2022, 9:56:16 - INFO - Req!!!
01/03/2022, 9:56:16 - INFO - Req!!!
01/03/2022, 9:56:20 - INFO - Req!!!
01/03/2022, 9:56:20 - INFO - Req!!!
01/03/2022, 9:56:24 - INFO - Req!!!
01/03/2022, 9:56:24 - INFO - Req!!!
01/03/2022, 9:56:24 - INFO - Req!!!
01/03/2022, 9:56:24 - INFO - Req!!!
01/03/2022, 9:56:24 - INFO - Req!!!
01/03/2022, 9:56:25 - INFO - Req!!!
01/03/2022, 9:56:25 - INFO - Req!!!
01/03/2022, 10:03:21 - INFO - Server is running on port: 3030
01/03/2022, 10:03:28 - INFO - Req!!!
01/03/2022, 10:03:28 - INFO - Req!!!
01/03/2022, 10:03:29 - INFO - Req!!!
01/03/2022, 10:03:29 - INFO - Req!!!
01/03/2022, 10:03:30 - INFO - Req!!!
01/03/2022, 10:03:30 - INFO - Req!!!
01/03/2022, 10:03:30 - INFO - Req!!!
01/03/2022, 10:03:30 - INFO - Req!!!
01/03/2022, 10:03:31 - INFO - Req!!!
01/03/2022, 10:03:31 - INFO - Req!!!
01/03/2022, 10:03:31 - INFO - Req!!!
01/03/2022, 10:03:31 - INFO - Req!!!
01/03/2022, 10:14:25 - INFO - Server is running on port: 3030
01/03/2022, 10:14:41 - INFO - Server is running on port: 3030
01/03/2022, 10:15:31 - INFO - Server is running on port: 3030
01/03/2022, 10:15:40 - INFO - Server is running on port: 3030
01/03/2022, 10:15:46 - INFO - Req!!!
01/03/2022, 10:15:47 - INFO - Req!!!
01/03/2022, 10:15:47 - INFO - Req!!!
01/03/2022, 10:15:48 - INFO - Req!!!
01/03/2022, 10:15:48 - INFO - Req!!!
01/03/2022, 10:15:48 - INFO - Req!!!
01/03/2022, 10:15:49 - INFO - Req!!!
01/03/2022, 10:15:58 - INFO - Req!!!
01/03/2022, 10:16:04 - INFO - Req!!!
01/03/2022, 10:16:15 - INFO - Server is running on port: 3030
01/03/2022, 10:16:38 - INFO - Server is running on port: 3030
01/03/2022, 10:16:55 - INFO - Server is running on port: 3030
01/03/2022, 10:16:58 - INFO - Server is running on port: 3030
01/03/2022, 10:17:24 - INFO - Req!!!
01/03/2022, 10:17:25 - ERROR - cannot find medias | {"ok":0,"code":2,"codeName":"BadValue","$clusterTime":{"clusterTime":{"$timestamp":"7070042521753092098"},"signature":{"hash":"HryhSoLdC+e3CGY+vGjnUR9mRlc=","keyId":{"low":2,"high":1637179921,"unsigned":false}}},"operationTime":{"$timestamp":"7070042521753092098"}}
01/03/2022, 10:17:28 - INFO - Req!!!
01/03/2022, 10:17:28 - INFO - Req!!!
01/03/2022, 10:17:33 - INFO - Req!!!
01/03/2022, 10:22:12 - INFO - Req!!!
01/03/2022, 10:22:12 - INFO - Req!!!
01/03/2022, 10:22:15 - INFO - Req!!!
01/03/2022, 10:22:15 - INFO - Req!!!
01/03/2022, 10:22:16 - INFO - Req!!!
01/03/2022, 10:22:16 - INFO - Req!!!
01/03/2022, 10:22:16 - INFO - Req!!!
01/03/2022, 10:22:18 - INFO - Req!!!
01/03/2022, 10:29:56 - INFO - Req!!!
01/03/2022, 10:31:55 - INFO - Req!!!
01/03/2022, 10:31:55 - INFO - Req!!!
01/03/2022, 10:33:36 - INFO - Req!!!
01/03/2022, 10:33:37 - INFO - Req!!!
01/03/2022, 10:33:53 - INFO - Req!!!
01/03/2022, 10:34:22 - INFO - Req!!!
01/03/2022, 10:58:08 - INFO - Req!!!
01/03/2022, 10:58:30 - INFO - Req!!!
01/03/2022, 10:58:31 - INFO - Req!!!
01/03/2022, 10:58:41 - INFO - Req!!!
01/03/2022, 10:59:34 - INFO - Req!!!
01/03/2022, 10:59:34 - INFO - Req!!!
01/03/2022, 10:59:35 - INFO - Req!!!
01/03/2022, 10:59:42 - INFO - Req!!!
01/03/2022, 11:00:07 - INFO - Req!!!
01/03/2022, 11:00:07 - INFO - Req!!!
01/03/2022, 11:00:22 - INFO - Req!!!
01/03/2022, 11:01:01 - INFO - Req!!!
01/03/2022, 11:01:01 - INFO - Req!!!
01/03/2022, 11:01:01 - INFO - Req!!!
01/03/2022, 11:01:01 - INFO - Req!!!
01/03/2022, 11:01:02 - INFO - Req!!!
01/03/2022, 11:01:03 - INFO - Req!!!
01/03/2022, 11:01:14 - INFO - Req!!!
01/03/2022, 11:01:53 - INFO - Req!!!
01/03/2022, 11:09:58 - INFO - Req!!!
01/03/2022, 11:09:58 - INFO - Req!!!
01/03/2022, 11:11:00 - INFO - Req!!!
01/03/2022, 11:11:06 - INFO - Req!!!
01/03/2022, 11:11:06 - INFO - Req!!!
01/03/2022, 11:13:22 - INFO - Req!!!
01/03/2022, 11:13:22 - INFO - Req!!!
01/03/2022, 11:13:27 - INFO - Req!!!
01/03/2022, 11:13:27 - INFO - Req!!!
01/03/2022, 11:13:28 - INFO - Req!!!
01/03/2022, 11:13:28 - INFO - Req!!!
01/03/2022, 11:13:29 - INFO - Req!!!
01/03/2022, 11:13:29 - INFO - Req!!!
01/03/2022, 11:13:32 - INFO - Req!!!
01/03/2022, 11:13:32 - INFO - Req!!!
01/03/2022, 11:13:32 - INFO - Req!!!
01/03/2022, 11:13:32 - INFO - Req!!!
01/03/2022, 11:13:34 - INFO - Req!!!
01/03/2022, 11:13:36 - INFO - Req!!!
01/03/2022, 11:13:36 - INFO - Req!!!
01/03/2022, 11:13:38 - INFO - Req!!!
01/03/2022, 11:13:39 - INFO - Req!!!
01/03/2022, 11:13:45 - INFO - Req!!!
01/03/2022, 11:13:45 - INFO - Req!!!
01/03/2022, 11:13:45 - INFO - Req!!!
01/03/2022, 11:13:45 - INFO - Req!!!
01/03/2022, 11:13:46 - INFO - Req!!!
01/03/2022, 11:13:46 - INFO - Req!!!
01/03/2022, 11:13:49 - INFO - Req!!!
01/03/2022, 11:13:50 - INFO - Req!!!
01/03/2022, 11:13:57 - INFO - Req!!!
01/03/2022, 11:13:58 - INFO - Req!!!
01/03/2022, 11:15:54 - DEBUG - auth.service - login with emailAddress: sundosgutty@gmail.com
01/03/2022, 11:15:56 - INFO - Req!!!
01/03/2022, 11:15:56 - INFO - Req from: sundos
01/03/2022, 11:15:56 - INFO - Req!!!
01/03/2022, 11:15:56 - INFO - Req from: sundos
01/03/2022, 11:16:04 - INFO - Req!!!
01/03/2022, 11:16:04 - INFO - Req from: sundos
01/03/2022, 11:16:04 - INFO - Req!!!
01/03/2022, 11:16:04 - INFO - Req from: sundos
01/03/2022, 11:16:08 - INFO - Req!!!
01/03/2022, 11:16:08 - INFO - Req from: sundos
01/03/2022, 11:16:08 - INFO - Req!!!
01/03/2022, 11:16:08 - INFO - Req from: sundos
01/03/2022, 11:16:08 - INFO - Req!!!
01/03/2022, 11:16:08 - INFO - Req from: sundos
01/03/2022, 11:16:08 - INFO - Req!!!
01/03/2022, 11:16:08 - INFO - Req from: sundos
01/03/2022, 11:16:09 - INFO - Req!!!
01/03/2022, 11:16:09 - INFO - Req from: sundos
01/03/2022, 11:16:09 - INFO - Req!!!
01/03/2022, 11:16:09 - INFO - Req from: sundos
01/03/2022, 11:18:10 - INFO - Req!!!
01/03/2022, 11:18:10 - INFO - Req from: sundos
01/03/2022, 11:18:10 - INFO - Req!!!
01/03/2022, 11:18:10 - INFO - Req from: sundos
01/03/2022, 11:18:10 - INFO - Req!!!
01/03/2022, 11:18:10 - INFO - Req from: sundos
01/03/2022, 11:18:11 - INFO - Req!!!
01/03/2022, 11:18:11 - INFO - Req from: sundos
01/03/2022, 11:18:11 - INFO - Req!!!
01/03/2022, 11:18:11 - INFO - Req from: sundos
01/03/2022, 11:18:16 - INFO - Req!!!
01/03/2022, 11:18:16 - INFO - Req from: sundos
01/03/2022, 11:24:00 - INFO - Req!!!
01/03/2022, 11:24:00 - INFO - Req from: sundos
01/03/2022, 11:24:00 - INFO - Req!!!
01/03/2022, 11:24:00 - INFO - Req from: sundos
01/03/2022, 11:24:00 - INFO - Req!!!
01/03/2022, 11:24:00 - INFO - Req from: sundos
01/03/2022, 11:24:00 - INFO - Req!!!
01/03/2022, 11:24:00 - INFO - Req from: sundos
01/03/2022, 11:24:01 - INFO - Req!!!
01/03/2022, 11:24:01 - INFO - Req from: sundos
01/03/2022, 11:24:01 - INFO - Req!!!
01/03/2022, 11:24:01 - INFO - Req from: sundos
01/03/2022, 11:28:25 - INFO - Req!!!
01/03/2022, 11:28:25 - INFO - Req from: sundos
01/03/2022, 11:28:25 - INFO - Req!!!
01/03/2022, 11:28:25 - INFO - Req from: sundos
01/03/2022, 11:28:26 - INFO - Req!!!
01/03/2022, 11:28:26 - INFO - Req from: sundos
01/03/2022, 11:29:04 - INFO - Req!!!
01/03/2022, 11:29:04 - INFO - Req from: sundos
01/03/2022, 11:29:04 - INFO - Req!!!
01/03/2022, 11:29:04 - INFO - Req from: sundos
01/03/2022, 11:29:10 - INFO - Req!!!
01/03/2022, 11:29:10 - INFO - Req from: sundos
01/03/2022, 11:29:10 - INFO - Req!!!
01/03/2022, 11:29:10 - INFO - Req from: sundos
01/03/2022, 11:29:10 - INFO - Req!!!
01/03/2022, 11:29:10 - INFO - Req from: sundos
01/03/2022, 11:29:11 - INFO - Req!!!
01/03/2022, 11:29:11 - INFO - Req from: sundos
01/03/2022, 11:29:11 - INFO - Req!!!
01/03/2022, 11:29:11 - INFO - Req from: sundos
01/03/2022, 11:29:11 - INFO - Req!!!
01/03/2022, 11:29:11 - INFO - Req from: sundos
01/03/2022, 11:31:14 - INFO - Req!!!
01/03/2022, 11:31:14 - INFO - Req from: sundos
01/03/2022, 11:31:15 - INFO - Req!!!
01/03/2022, 11:31:15 - INFO - Req from: sundos
01/03/2022, 11:31:15 - INFO - Req!!!
01/03/2022, 11:31:15 - INFO - Req from: sundos
01/03/2022, 11:31:25 - INFO - Req!!!
01/03/2022, 11:31:25 - INFO - Req from: sundos
01/03/2022, 11:31:25 - INFO - Req!!!
01/03/2022, 11:31:25 - INFO - Req from: sundos
01/03/2022, 11:32:45 - INFO - Server is running on port: 3030
01/03/2022, 11:32:56 - INFO - Server is running on port: 3030
01/03/2022, 11:33:09 - INFO - Server is running on port: 3030
01/03/2022, 11:33:27 - INFO - Server is running on port: 3030
01/03/2022, 13:04:36 - INFO - Server is running on port: 3030
01/03/2022, 13:21:39 - DEBUG - auth.service - login with emailAddress: sundosgutty@gmail.com
01/03/2022, 13:21:43 - INFO - Req!!!
01/03/2022, 13:21:43 - INFO - Req from: sundos
01/03/2022, 13:21:44 - INFO - Req!!!
01/03/2022, 13:21:44 - INFO - Req from: sundos
01/03/2022, 13:26:43 - INFO - Server is running on port: 3030
01/03/2022, 13:27:19 - INFO - Server is running on port: 3030
01/03/2022, 13:27:31 - INFO - Server is running on port: 3030
01/03/2022, 13:27:41 - INFO - Server is running on port: 3030
01/03/2022, 21:58:08 - INFO - Server is running on port: 3030
01/03/2022, 23:39:58 - DEBUG - auth.service - signup with emailAddress: sundos, firstName: sundosgutty@gmail.com
01/03/2022, 23:40:01 - DEBUG - auth.route - new account created: {"emailAddress":"sundosgutty@gmail.com","password":"$2b$10$/zKFElSsM90F9YLj9XVMnO7CJeUyVsSkVREitZuIdov2lmh5YUFmG","firstName":"sundos","favMedia":[],"isNew":true,"img":"","_id":"621e92ae831ad304007a26cf"}
01/03/2022, 23:40:01 - DEBUG - auth.service - login with emailAddress: sundosgutty@gmail.com
01/03/2022, 23:40:16 - INFO - Req!!!
01/03/2022, 23:40:16 - INFO - Req from: sundos
01/03/2022, 23:40:33 - INFO - Req!!!
01/03/2022, 23:40:33 - INFO - Req from: sundos
01/03/2022, 23:50:41 - INFO - Req!!!
01/03/2022, 23:50:41 - INFO - Req from: sundos
01/03/2022, 23:50:41 - INFO - Req!!!
01/03/2022, 23:50:41 - INFO - Req from: sundos
01/03/2022, 23:50:43 - INFO - Req!!!
01/03/2022, 23:50:43 - INFO - Req from: sundos
01/03/2022, 23:50:43 - INFO - Req!!!
01/03/2022, 23:50:43 - INFO - Req from: sundos
01/03/2022, 23:50:49 - INFO - Req!!!
01/03/2022, 23:50:49 - INFO - Req from: sundos
01/03/2022, 23:50:49 - INFO - Req!!!
01/03/2022, 23:50:49 - INFO - Req from: sundos
01/03/2022, 23:52:51 - INFO - Req!!!
01/03/2022, 23:52:51 - INFO - Req from: sundos
01/03/2022, 23:52:51 - INFO - Req!!!
01/03/2022, 23:52:51 - INFO - Req from: sundos
01/03/2022, 23:53:37 - INFO - Req!!!
01/03/2022, 23:53:37 - INFO - Req from: sundos
01/03/2022, 23:53:37 - INFO - Req!!!
01/03/2022, 23:53:37 - INFO - Req from: sundos
01/03/2022, 23:53:55 - INFO - Req!!!
01/03/2022, 23:53:55 - INFO - Req from: sundos
01/03/2022, 23:53:55 - INFO - Req!!!
01/03/2022, 23:53:55 - INFO - Req from: sundos
01/03/2022, 23:54:21 - INFO - Req!!!
01/03/2022, 23:54:21 - INFO - Req from: sundos
01/03/2022, 23:54:21 - INFO - Req!!!
01/03/2022, 23:54:21 - INFO - Req from: sundos
01/03/2022, 23:54:30 - INFO - Req!!!
01/03/2022, 23:54:30 - INFO - Req from: sundos
01/03/2022, 23:54:30 - INFO - Req!!!
01/03/2022, 23:54:30 - INFO - Req from: sundos
02/03/2022, 0:00:05 - INFO - Req!!!
02/03/2022, 0:00:05 - INFO - Req from: sundos
02/03/2022, 0:00:06 - INFO - Req!!!
02/03/2022, 0:00:06 - INFO - Req from: sundos
02/03/2022, 0:00:09 - INFO - Req!!!
02/03/2022, 0:00:09 - INFO - Req from: sundos
02/03/2022, 0:00:09 - INFO - Req!!!
02/03/2022, 0:00:09 - INFO - Req from: sundos
02/03/2022, 0:20:01 - INFO - Server is running on port: 3030
02/03/2022, 0:21:43 - ERROR - cannot find users | {}
02/03/2022, 0:21:43 - ERROR - Failed to get users | {}
02/03/2022, 0:21:45 - DEBUG - auth.service - login with emailAddress: sundosgutty@gmail.com
02/03/2022, 0:21:56 - INFO - Req!!!
02/03/2022, 0:21:56 - INFO - Req from: sundos
02/03/2022, 0:21:57 - INFO - Req!!!
02/03/2022, 0:21:57 - INFO - Req from: sundos
02/03/2022, 0:24:17 - INFO - Req!!!
02/03/2022, 0:24:17 - INFO - Req from: sundos
02/03/2022, 0:24:17 - INFO - Req!!!
02/03/2022, 0:24:17 - INFO - Req from: sundos
02/03/2022, 0:24:59 - INFO - Req!!!
02/03/2022, 0:24:59 - INFO - Req from: sundos
02/03/2022, 0:24:59 - INFO - Req!!!
02/03/2022, 0:24:59 - INFO - Req from: sundos
02/03/2022, 0:29:46 - INFO - Req!!!
02/03/2022, 0:29:46 - INFO - Req from: sundos
02/03/2022, 0:29:46 - INFO - Req!!!
02/03/2022, 0:29:46 - INFO - Req from: sundos
02/03/2022, 0:34:52 - INFO - Req!!!
02/03/2022, 0:34:52 - INFO - Req from: sundos
02/03/2022, 0:34:53 - INFO - Req!!!
02/03/2022, 0:34:53 - INFO - Req from: sundos
02/03/2022, 0:35:17 - INFO - Req!!!
02/03/2022, 0:35:17 - INFO - Req from: sundos
02/03/2022, 0:35:17 - INFO - Req!!!
02/03/2022, 0:35:17 - INFO - Req from: sundos
02/03/2022, 0:48:41 - INFO - Req!!!
02/03/2022, 0:48:41 - INFO - Req from: sundos
02/03/2022, 0:48:42 - INFO - Req!!!
02/03/2022, 0:48:42 - INFO - Req from: sundos
02/03/2022, 8:33:19 - INFO - Server is running on port: 3030
02/03/2022, 8:39:50 - DEBUG - auth.service - login with emailAddress: sundosgutty@gmail.com
02/03/2022, 8:39:51 - INFO - Req!!!
02/03/2022, 8:39:51 - INFO - Req from: sundos
02/03/2022, 8:39:51 - INFO - Req!!!
02/03/2022, 8:39:51 - INFO - Req from: sundos
02/03/2022, 8:47:11 - DEBUG - auth.service - login with emailAddress: sundosgutty@gmail.com
02/03/2022, 8:47:16 - INFO - Req!!!
02/03/2022, 8:47:16 - INFO - Req from: sundos
02/03/2022, 8:47:16 - INFO - Req!!!
02/03/2022, 8:47:16 - INFO - Req from: sundos
02/03/2022, 9:05:31 - INFO - Req!!!
02/03/2022, 9:05:31 - INFO - Req from: sundos
02/03/2022, 9:05:32 - INFO - Req!!!
02/03/2022, 9:05:32 - INFO - Req from: sundos
02/03/2022, 9:05:43 - INFO - Req!!!
02/03/2022, 9:05:43 - INFO - Req from: sundos
02/03/2022, 9:05:44 - INFO - Req!!!
02/03/2022, 9:05:44 - INFO - Req from: sundos
02/03/2022, 9:05:52 - INFO - Req!!!
02/03/2022, 9:05:52 - INFO - Req from: sundos
02/03/2022, 9:05:52 - INFO - Req!!!
02/03/2022, 9:05:52 - INFO - Req from: sundos
02/03/2022, 9:05:55 - INFO - Req!!!
02/03/2022, 9:05:55 - INFO - Req from: sundos
02/03/2022, 9:05:55 - INFO - Req!!!
02/03/2022, 9:05:55 - INFO - Req from: sundos
02/03/2022, 9:09:39 - INFO - Req!!!
02/03/2022, 9:09:39 - INFO - Req from: sundos
02/03/2022, 9:09:39 - INFO - Req!!!
02/03/2022, 9:09:39 - INFO - Req from: sundos
02/03/2022, 9:16:05 - DEBUG - auth.service - login with emailAddress: sundosgutty@gmail.com
02/03/2022, 9:18:01 - INFO - Req!!!
02/03/2022, 9:18:01 - INFO - Req from: sundos
02/03/2022, 9:18:02 - INFO - Req!!!
02/03/2022, 9:18:02 - INFO - Req from: sundos
02/03/2022, 9:21:36 - INFO - Req!!!
02/03/2022, 9:21:36 - INFO - Req from: sundos
02/03/2022, 9:21:36 - INFO - Req!!!
02/03/2022, 9:21:36 - INFO - Req from: sundos
02/03/2022, 10:27:50 - INFO - Req!!!
02/03/2022, 10:27:50 - INFO - Req from: sundos
02/03/2022, 10:27:50 - INFO - Req!!!
02/03/2022, 10:27:50 - INFO - Req from: sundos
02/03/2022, 11:28:13 - INFO - Req!!!
02/03/2022, 11:28:13 - INFO - Req from: sundos
02/03/2022, 11:28:14 - INFO - Req!!!
02/03/2022, 11:28:14 - INFO - Req from: sundos
02/03/2022, 11:29:46 - INFO - Req!!!
02/03/2022, 11:29:46 - INFO - Req from: sundos
02/03/2022, 11:29:46 - INFO - Req!!!
02/03/2022, 11:29:46 - INFO - Req from: sundos
02/03/2022, 11:29:49 - INFO - Req!!!
02/03/2022, 11:29:49 - INFO - Req from: sundos
02/03/2022, 11:29:49 - INFO - Req!!!
02/03/2022, 11:29:49 - INFO - Req from: sundos
02/03/2022, 11:29:53 - INFO - Req!!!
02/03/2022, 11:29:53 - INFO - Req from: sundos
02/03/2022, 11:29:53 - INFO - Req!!!
02/03/2022, 11:29:53 - INFO - Req from: sundos
02/03/2022, 11:30:00 - INFO - Req!!!
02/03/2022, 11:30:00 - INFO - Req from: sundos
02/03/2022, 11:30:01 - INFO - Req!!!
02/03/2022, 11:30:01 - INFO - Req from: sundos
02/03/2022, 12:04:59 - DEBUG - auth.service - login with emailAddress: sundosgutty@gmail.com
02/03/2022, 12:05:03 - INFO - Req!!!
02/03/2022, 12:05:03 - INFO - Req from: sundos
02/03/2022, 12:05:03 - INFO - Req!!!
02/03/2022, 12:05:03 - INFO - Req from: sundos
02/03/2022, 12:05:43 - INFO - Req!!!
02/03/2022, 12:05:43 - INFO - Req from: sundos
02/03/2022, 12:05:44 - INFO - Req!!!
02/03/2022, 12:05:44 - INFO - Req from: sundos
02/03/2022, 12:05:47 - INFO - Req!!!
02/03/2022, 12:05:47 - INFO - Req from: sundos
02/03/2022, 12:05:48 - INFO - Req!!!
02/03/2022, 12:05:48 - INFO - Req from: sundos
02/03/2022, 12:05:51 - INFO - Req!!!
02/03/2022, 12:05:51 - INFO - Req from: sundos
02/03/2022, 12:05:52 - INFO - Req!!!
02/03/2022, 12:05:52 - INFO - Req from: sundos
02/03/2022, 12:05:54 - INFO - Req!!!
02/03/2022, 12:05:54 - INFO - Req from: sundos
02/03/2022, 12:05:54 - INFO - Req!!!
02/03/2022, 12:05:54 - INFO - Req from: sundos
02/03/2022, 12:06:25 - INFO - Req!!!
02/03/2022, 12:06:25 - INFO - Req from: sundos
02/03/2022, 12:06:25 - INFO - Req!!!
02/03/2022, 12:06:25 - INFO - Req from: sundos
02/03/2022, 12:06:27 - INFO - Req!!!
02/03/2022, 12:06:27 - INFO - Req from: sundos
02/03/2022, 12:06:27 - INFO - Req!!!
02/03/2022, 12:06:27 - INFO - Req from: sundos
02/03/2022, 12:06:30 - INFO - Req!!!
02/03/2022, 12:06:30 - INFO - Req from: sundos
02/03/2022, 12:06:31 - INFO - Req!!!
02/03/2022, 12:06:31 - INFO - Req from: sundos
02/03/2022, 12:08:07 - INFO - Req!!!
02/03/2022, 12:08:07 - INFO - Req from: sundos
02/03/2022, 12:08:07 - INFO - Req!!!
02/03/2022, 12:08:07 - INFO - Req from: sundos
02/03/2022, 12:08:08 - INFO - Req!!!
02/03/2022, 12:08:08 - INFO - Req from: sundos
02/03/2022, 12:08:08 - INFO - Req!!!
02/03/2022, 12:08:08 - INFO - Req from: sundos
02/03/2022, 12:08:44 - INFO - Req!!!
02/03/2022, 12:08:44 - INFO - Req from: sundos
02/03/2022, 12:08:45 - INFO - Req!!!
02/03/2022, 12:08:45 - INFO - Req from: sundos
02/03/2022, 12:08:46 - INFO - Req!!!
02/03/2022, 12:08:46 - INFO - Req from: sundos
02/03/2022, 12:08:46 - INFO - Req!!!
02/03/2022, 12:08:46 - INFO - Req from: sundos
02/03/2022, 12:08:47 - INFO - Req!!!
02/03/2022, 12:08:47 - INFO - Req from: sundos
02/03/2022, 12:08:47 - INFO - Req!!!
02/03/2022, 12:08:47 - INFO - Req from: sundos
02/03/2022, 12:08:50 - INFO - Req!!!
02/03/2022, 12:08:50 - INFO - Req from: sundos
02/03/2022, 12:08:50 - INFO - Req!!!
02/03/2022, 12:08:50 - INFO - Req from: sundos
02/03/2022, 12:09:27 - INFO - Req!!!
02/03/2022, 12:09:27 - INFO - Req from: sundos
02/03/2022, 12:09:27 - INFO - Req!!!
02/03/2022, 12:09:27 - INFO - Req from: sundos
02/03/2022, 12:10:07 - INFO - Req!!!
02/03/2022, 12:10:07 - INFO - Req from: sundos
02/03/2022, 12:10:07 - INFO - Req!!!
02/03/2022, 12:10:07 - INFO - Req from: sundos
02/03/2022, 12:10:52 - INFO - Req!!!
02/03/2022, 12:10:52 - INFO - Req from: sundos
02/03/2022, 12:10:52 - INFO - Req!!!
02/03/2022, 12:10:52 - INFO - Req from: sundos
02/03/2022, 12:10:53 - INFO - Req!!!
02/03/2022, 12:10:53 - INFO - Req from: sundos
02/03/2022, 12:10:54 - INFO - Req!!!
02/03/2022, 12:10:54 - INFO - Req from: sundos
02/03/2022, 12:10:56 - INFO - Req!!!
02/03/2022, 12:10:56 - INFO - Req from: sundos
02/03/2022, 12:10:57 - INFO - Req!!!
02/03/2022, 12:10:57 - INFO - Req from: sundos
02/03/2022, 12:13:24 - INFO - Server is running on port: 3030
02/03/2022, 12:13:34 - INFO - Server is running on port: 3030
02/03/2022, 12:13:43 - INFO - Server is running on port: 3030
02/03/2022, 12:14:04 - INFO - Server is running on port: 3030
02/03/2022, 12:24:39 - INFO - Server is running on port: 3030
02/03/2022, 12:25:12 - DEBUG - auth.service - login with emailAddress: sundosgutty@gmail.com
02/03/2022, 12:25:13 - INFO - Req!!!
02/03/2022, 12:25:13 - INFO - Req from: sundos
02/03/2022, 12:25:13 - INFO - Req!!!
02/03/2022, 12:25:13 - INFO - Req from: sundos
02/03/2022, 13:02:32 - INFO - Req!!!
02/03/2022, 13:02:32 - INFO - Req from: sundos
02/03/2022, 13:02:32 - INFO - Req!!!
02/03/2022, 13:02:32 - INFO - Req from: sundos
02/03/2022, 13:13:38 - INFO - Req!!!
02/03/2022, 13:13:38 - INFO - Req from: sundos
02/03/2022, 13:13:38 - INFO - Req!!!
02/03/2022, 13:13:38 - INFO - Req from: sundos
02/03/2022, 13:26:27 - INFO - Req!!!
02/03/2022, 13:26:27 - INFO - Req from: sundos
02/03/2022, 13:26:27 - INFO - Req!!!
02/03/2022, 13:26:27 - INFO - Req from: sundos
02/03/2022, 15:09:51 - INFO - Server is running on port: 3030
02/03/2022, 15:09:59 - INFO - Server is running on port: 3030
02/03/2022, 15:10:14 - INFO - Server is running on port: 3030
02/03/2022, 15:10:26 - INFO - Server is running on port: 3030
02/03/2022, 15:13:52 - INFO - Server is running on port: 3030
02/03/2022, 15:15:40 - DEBUG - auth.service - login with emailAddress: sundosgutty@gmail.com
02/03/2022, 15:15:42 - INFO - Req!!!
02/03/2022, 15:15:42 - INFO - Req from: sundos
02/03/2022, 15:15:43 - INFO - Req!!!
02/03/2022, 15:15:43 - INFO - Req from: sundos
02/03/2022, 15:16:07 - INFO - Req!!!
02/03/2022, 15:16:07 - INFO - Req from: sundos
02/03/2022, 15:16:08 - INFO - Req!!!
02/03/2022, 15:16:08 - INFO - Req from: sundos
02/03/2022, 17:38:20 - INFO - Req!!!
02/03/2022, 17:38:20 - INFO - Req from: sundos
02/03/2022, 17:38:22 - INFO - Req!!!
02/03/2022, 17:38:22 - INFO - Req from: sundos
02/03/2022, 17:56:30 - INFO - Req!!!
02/03/2022, 17:56:30 - INFO - Req from: sundos
02/03/2022, 17:56:31 - INFO - Req!!!
02/03/2022, 17:56:31 - INFO - Req from: sundos
02/03/2022, 20:25:39 - INFO - Req!!!
02/03/2022, 20:25:39 - INFO - Req from: sundos
02/03/2022, 20:25:40 - INFO - Req!!!
02/03/2022, 20:25:40 - INFO - Req from: sundos
02/03/2022, 20:29:08 - INFO - Req!!!
02/03/2022, 20:29:08 - INFO - Req from: sundos
02/03/2022, 20:29:08 - INFO - Req!!!
02/03/2022, 20:29:08 - INFO - Req from: sundos
02/03/2022, 20:32:22 - INFO - Req!!!
02/03/2022, 20:32:22 - INFO - Req from: sundos
02/03/2022, 20:32:23 - INFO - Req!!!
02/03/2022, 20:32:23 - INFO - Req from: sundos
02/03/2022, 20:32:23 - INFO - Req!!!
02/03/2022, 20:32:23 - INFO - Req from: sundos
02/03/2022, 20:32:23 - INFO - Req!!!
02/03/2022, 20:32:23 - INFO - Req from: sundos
02/03/2022, 20:32:24 - INFO - Req!!!
02/03/2022, 20:32:24 - INFO - Req from: sundos
02/03/2022, 20:32:24 - INFO - Req!!!
02/03/2022, 20:32:24 - INFO - Req from: sundos
02/03/2022, 20:32:45 - INFO - Req!!!
02/03/2022, 20:32:45 - INFO - Req from: sundos
02/03/2022, 20:32:46 - INFO - Req!!!
02/03/2022, 20:32:46 - INFO - Req from: sundos
02/03/2022, 21:13:38 - INFO - Req!!!
02/03/2022, 21:13:38 - INFO - Req from: sundos
02/03/2022, 21:13:38 - INFO - Req!!!
02/03/2022, 21:13:38 - INFO - Req from: sundos
02/03/2022, 21:13:54 - INFO - Req!!!
02/03/2022, 21:13:55 - INFO - Req from: sundos
02/03/2022, 21:13:56 - INFO - Req!!!
02/03/2022, 21:13:56 - INFO - Req from: sundos
02/03/2022, 21:14:48 - INFO - Req!!!
02/03/2022, 21:14:48 - INFO - Req from: sundos
02/03/2022, 21:14:51 - INFO - Req!!!
02/03/2022, 21:14:51 - INFO - Req from: sundos
02/03/2022, 21:16:07 - INFO - Server is running on port: 3030
02/03/2022, 21:16:20 - INFO - Server is running on port: 3030
02/03/2022, 21:16:29 - INFO - Server is running on port: 3030
02/03/2022, 21:16:44 - INFO - Server is running on port: 3030
02/03/2022, 21:50:06 - INFO - Server is running on port: 3030
02/03/2022, 21:50:16 - INFO - Server is running on port: 3030
02/03/2022, 21:51:16 - DEBUG - auth.service - login with emailAddress: sundosgutty@gmail.com
02/03/2022, 21:51:17 - INFO - Req!!!
02/03/2022, 21:51:17 - INFO - Req from: sundos
02/03/2022, 21:51:18 - INFO - Req!!!
02/03/2022, 21:51:18 - INFO - Req from: sundos
02/03/2022, 21:51:20 - INFO - Req!!!
02/03/2022, 21:51:20 - INFO - Req from: sundos
02/03/2022, 21:51:20 - INFO - Req!!!
02/03/2022, 21:51:20 - INFO - Req from: sundos
02/03/2022, 21:51:21 - INFO - Req!!!
02/03/2022, 21:51:21 - INFO - Req from: sundos
02/03/2022, 21:51:21 - INFO - Req!!!
02/03/2022, 21:51:21 - INFO - Req from: sundos
02/03/2022, 22:33:19 - INFO - Req!!!
02/03/2022, 22:33:19 - INFO - Req from: sundos
02/03/2022, 22:33:21 - INFO - Req!!!
02/03/2022, 22:33:21 - INFO - Req from: sundos
02/03/2022, 22:35:08 - INFO - Req!!!
02/03/2022, 22:35:08 - INFO - Req from: sundos
02/03/2022, 22:35:08 - INFO - Req!!!
02/03/2022, 22:35:08 - INFO - Req from: sundos
02/03/2022, 22:46:16 - INFO - Server is running on port: 3030
02/03/2022, 22:46:32 - INFO - Server is running on port: 3030
02/03/2022, 22:46:46 - INFO - Server is running on port: 3030
02/03/2022, 22:47:18 - INFO - Server is running on port: 3030
03/03/2022, 18:06:52 - INFO - Server is running on port: 3030
03/03/2022, 19:51:53 - DEBUG - auth.service - login with emailAddress: sundosgutty@gmail.com
03/03/2022, 19:52:00 - INFO - Req!!!
03/03/2022, 19:52:00 - INFO - Req from: sundos
03/03/2022, 19:52:00 - INFO - Req!!!
03/03/2022, 19:52:00 - INFO - Req from: sundos
03/03/2022, 19:52:24 - INFO - Req!!!
03/03/2022, 19:52:24 - INFO - Req from: sundos
03/03/2022, 19:52:24 - INFO - Req!!!
03/03/2022, 19:52:24 - INFO - Req from: sundos
03/03/2022, 19:52:49 - INFO - Req!!!
03/03/2022, 19:52:49 - INFO - Req from: sundos
03/03/2022, 19:52:49 - INFO - Req!!!
03/03/2022, 19:52:49 - INFO - Req from: sundos
03/03/2022, 19:52:52 - INFO - Req!!!
03/03/2022, 19:52:52 - INFO - Req from: sundos
03/03/2022, 19:52:52 - INFO - Req!!!
03/03/2022, 19:52:52 - INFO - Req from: sundos
03/03/2022, 19:52:56 - INFO - Req!!!
03/03/2022, 19:52:56 - INFO - Req from: sundos
03/03/2022, 19:52:56 - INFO - Req!!!
03/03/2022, 19:52:56 - INFO - Req from: sundos
03/03/2022, 19:53:25 - INFO - Req!!!
03/03/2022, 19:53:25 - INFO - Req from: sundos
03/03/2022, 19:53:26 - INFO - Req!!!
03/03/2022, 19:53:26 - INFO - Req from: sundos
03/03/2022, 23:03:52 - INFO - Server is running on port: 3030
06/03/2022, 18:19:20 - INFO - Server is running on port: 3030
06/03/2022, 22:47:27 - DEBUG - auth.service - login with emailAddress: sundosgutty@gmail.com
06/03/2022, 22:48:17 - INFO - Req!!!
06/03/2022, 22:48:17 - INFO - Req from: sundos
06/03/2022, 22:48:17 - INFO - Req!!!
06/03/2022, 22:48:17 - INFO - Req from: sundos
06/03/2022, 22:48:28 - DEBUG - auth.service - login with emailAddress: sundosgutty@gmail.com
06/03/2022, 22:50:20 - DEBUG - auth.service - login with emailAddress: sundosgutty@gmail.com
06/03/2022, 22:50:26 - INFO - Req!!!
06/03/2022, 22:50:26 - INFO - Req from: sundos
06/03/2022, 22:50:26 - INFO - Req!!!
06/03/2022, 22:50:26 - INFO - Req from: sundos
06/03/2022, 22:52:27 - INFO - Req!!!
06/03/2022, 22:52:27 - INFO - Req from: sundos
06/03/2022, 22:52:27 - INFO - Req!!!
06/03/2022, 22:52:27 - INFO - Req from: sundos
06/03/2022, 22:53:01 - DEBUG - auth.service - login with emailAddress: sundosgutty@gmail.com
06/03/2022, 22:53:59 - INFO - Req!!!
06/03/2022, 22:53:59 - INFO - Req from: sundos
06/03/2022, 22:54:00 - INFO - Req!!!
06/03/2022, 22:54:00 - INFO - Req from: sundos
06/03/2022, 22:54:16 - DEBUG - auth.service - login with emailAddress: sundosgutty@gmail.com
06/03/2022, 22:55:46 - INFO - Server is running on port: 3030
20/03/2022, 13:59:27 - INFO - Server is running on port: 3030
20/03/2022, 14:00:49 - DEBUG - auth.service - login with emailAddress: sundosgutty@gmail.com
20/03/2022, 14:00:54 - INFO - Req!!!
20/03/2022, 14:00:54 - INFO - Req from: sundos
20/03/2022, 14:00:54 - INFO - Req!!!
20/03/2022, 14:00:54 - INFO - Req from: sundos
20/03/2022, 14:01:04 - INFO - Req!!!
20/03/2022, 14:01:04 - INFO - Req from: sundos
20/03/2022, 14:01:04 - INFO - Req!!!
20/03/2022, 14:01:04 - INFO - Req from: sundos
20/03/2022, 14:01:06 - INFO - Req!!!
20/03/2022, 14:01:06 - INFO - Req from: sundos
20/03/2022, 14:01:06 - INFO - Req!!!
20/03/2022, 14:01:06 - INFO - Req from: sundos
20/03/2022, 14:01:08 - INFO - Req!!!
20/03/2022, 14:01:08 - INFO - Req from: sundos
20/03/2022, 14:01:08 - INFO - Req!!!
20/03/2022, 14:01:08 - INFO - Req from: sundos
20/03/2022, 14:01:14 - INFO - Req!!!
20/03/2022, 14:01:14 - INFO - Req from: sundos
20/03/2022, 14:01:14 - INFO - Req!!!
20/03/2022, 14:01:14 - INFO - Req from: sundos
20/03/2022, 14:01:25 - INFO - Req!!!
20/03/2022, 14:01:25 - INFO - Req from: sundos
20/03/2022, 14:01:25 - INFO - Req!!!
20/03/2022, 14:01:25 - INFO - Req from: sundos
20/03/2022, 14:01:59 - INFO - Req!!!
20/03/2022, 14:01:59 - INFO - Req from: sundos
20/03/2022, 14:01:59 - INFO - Req!!!
20/03/2022, 14:01:59 - INFO - Req from: sundos
20/03/2022, 15:09:18 - DEBUG - auth.service - login with emailAddress: sundosgutty@gmail.com
20/03/2022, 16:02:05 - INFO - Req!!!
20/03/2022, 16:02:05 - INFO - Req from: sundos
20/03/2022, 16:02:05 - INFO - Req!!!
20/03/2022, 16:02:05 - INFO - Req from: sundos
20/03/2022, 16:02:47 - INFO - Req!!!
20/03/2022, 16:02:47 - INFO - Req from: sundos
20/03/2022, 16:02:47 - INFO - Req!!!
20/03/2022, 16:02:47 - INFO - Req from: sundos
20/03/2022, 16:03:42 - DEBUG - auth.service - login with emailAddress: sundosgutty@gmail.com
20/03/2022, 16:08:51 - DEBUG - auth.service - login with emailAddress: sundosgutty@gmail.com
20/03/2022, 16:08:53 - INFO - Req!!!
20/03/2022, 16:08:53 - INFO - Req from: sundos
20/03/2022, 16:08:53 - INFO - Req!!!
20/03/2022, 16:08:53 - INFO - Req from: sundos
20/03/2022, 16:08:55 - INFO - Req!!!
20/03/2022, 16:08:55 - INFO - Req from: sundos
20/03/2022, 16:08:55 - INFO - Req!!!
20/03/2022, 16:08:55 - INFO - Req from: sundos
20/03/2022, 16:25:01 - DEBUG - auth.service - login with emailAddress: sundosgutty@gmail.com
20/03/2022, 16:27:37 - INFO - Req!!!
20/03/2022, 16:27:37 - INFO - Req from: sundos
20/03/2022, 16:27:37 - INFO - Req!!!
20/03/2022, 16:27:37 - INFO - Req from: sundos
20/03/2022, 16:27:40 - INFO - Req!!!
20/03/2022, 16:27:40 - INFO - Req from: sundos
20/03/2022, 16:27:41 - INFO - Req!!!
20/03/2022, 16:27:41 - INFO - Req from: sundos
20/03/2022, 17:58:06 - INFO - Req!!!
20/03/2022, 17:58:06 - INFO - Req from: sundos
20/03/2022, 17:58:06 - INFO - Req!!!
20/03/2022, 17:58:06 - INFO - Req from: sundos
20/03/2022, 18:42:00 - INFO - Req!!!
20/03/2022, 18:42:00 - INFO - Req from: sundos
20/03/2022, 18:42:01 - INFO - Req!!!
20/03/2022, 18:42:01 - INFO - Req from: sundos
20/03/2022, 18:42:06 - INFO - Server is running on port: 3030
22/03/2022, 14:01:46 - INFO - Server is running on port: 3030
22/03/2022, 14:04:49 - DEBUG - auth.service - login with emailAddress: sundosgutty@gmail.com
22/03/2022, 14:04:54 - INFO - Req!!!
22/03/2022, 14:04:54 - INFO - Req from: sundos
22/03/2022, 14:04:54 - INFO - Req!!!
22/03/2022, 14:04:54 - INFO - Req from: sundos
22/03/2022, 14:06:31 - INFO - Req!!!
22/03/2022, 14:06:31 - INFO - Req from: sundos
22/03/2022, 14:06:31 - INFO - Req!!!
22/03/2022, 14:06:31 - INFO - Req from: sundos
22/03/2022, 14:06:48 - INFO - Req!!!
22/03/2022, 14:06:48 - INFO - Req from: sundos
22/03/2022, 14:06:48 - INFO - Req!!!
22/03/2022, 14:06:48 - INFO - Req from: sundos
22/03/2022, 17:25:31 - INFO - Server is running on port: 3030
22/03/2022, 17:26:11 - DEBUG - auth.service - login with emailAddress: sundosgutty@gmail.com
22/03/2022, 17:26:13 - INFO - Req!!!
22/03/2022, 17:26:13 - INFO - Req from: sundos
22/03/2022, 17:26:13 - INFO - Req!!!
22/03/2022, 17:26:13 - INFO - Req from: sundos
22/03/2022, 17:39:59 - INFO - Server is running on port: 3030
22/03/2022, 17:40:10 - INFO - Server is running on port: 3030
22/03/2022, 17:40:23 - INFO - Server is running on port: 3030
22/03/2022, 17:40:42 - INFO - Server is running on port: 3030
3/4/2023, 8:32:48 PM - INFO - Server is running on port: 3030
3/4/2023, 8:37:40 PM - ERROR - cannot find users | {}
3/4/2023, 8:37:40 PM - ERROR - Failed to get users | {}
3/4/2023, 8:38:35 PM - DEBUG - auth.service - login with emailAddress: dhj@gmail.com
3/4/2023, 8:38:35 PM - ERROR - while finding user dhj@gmail.com | {}
3/4/2023, 8:38:35 PM - ERROR - Failed to Login ReferenceError: logger is not defined
1/27/2024, 10:45:59 AM - INFO - Server is running on port: 3030
1/27/2024, 10:46:54 AM - INFO - Server is running on port: 3030
1/27/2024, 10:52:44 AM - INFO - Server is running on port: 3030
1/27/2024, 10:54:39 AM - INFO - Server is running on port: 3030
1/27/2024, 10:56:19 AM - INFO - Server is running on port: 3030
1/27/2024, 12:01:56 PM - INFO - Server is running on port: 3030
1/27/2024, 12:17:36 PM - INFO - Server is running on port: 3030
1/27/2024, 12:25:01 PM - INFO - Server is running on port: 3030
1/27/2024, 12:25:42 PM - INFO - Server is running on port: 3030
1/27/2024, 12:28:37 PM - INFO - Server is running on port: 3030
1/27/2024, 12:50:08 PM - INFO - Server is running on port: 3030
1/27/2024, 12:50:54 PM - INFO - Server is running on port: 3030
1/27/2024, 12:52:48 PM - INFO - Server is running on port: 3030
2/5/2024, 12:53:29 PM - INFO - Server is running on port: 3030
2/5/2024, 12:58:54 PM - INFO - Server is running on port: 3030
2/5/2024, 1:07:20 PM - INFO - Server is running on port: 3001
2/5/2024, 1:42:57 PM - INFO - Server is running on port: 3001
2/5/2024, 1:45:51 PM - INFO - Server is running on port: 3001
2/5/2024, 7:45:10 PM - INFO - Server is running on port: 3030
2/5/2024, 7:48:36 PM - INFO - Server is running on port: 3030
2/5/2024, 7:57:45 PM - INFO - Server is running on port: 3030
2/5/2024, 7:59:01 PM - INFO - Server is running on port: 3030
2/5/2024, 8:00:32 PM - INFO - Server is running on port: 3030
2/5/2024, 8:02:51 PM - INFO - Server is running on port: 3030
2/5/2024, 8:03:21 PM - INFO - Server is running on port: 3030
2/5/2024, 8:03:47 PM - INFO - Server is running on port: 3030
2/5/2024, 8:04:03 PM - INFO - Server is running on port: 3030
2/5/2024, 8:04:59 PM - INFO - Server is running on port: 3030
2/5/2024, 8:05:58 PM - INFO - Server is running on port: 3030
2/5/2024, 8:15:22 PM - DEBUG - auth.service - signup with emailAddress: hsjdbfc, firstName: sfsadcszctd@gmail.com
2/5/2024, 8:15:23 PM - DEBUG - auth.route - new account created: {"emailAddress":"sfsadcszctd@gmail.com","password":"$2b$10$HnBR1f8v8gwnyv4V0x1NS.AG4hguM6fBpGJNR9o3wojPlm.9fIgtm","firstName":"hsjdbfc","favMedia":[],"isNew":true,"img":"","_id":"65c125bbe1e3e636ddf18007"}
2/5/2024, 8:15:23 PM - DEBUG - auth.service - login with emailAddress: sfsadcszctd@gmail.com
2/5/2024, 8:15:27 PM - INFO - Req!!!
2/5/2024, 8:15:27 PM - INFO - Req from: hsjdbfc
2/5/2024, 8:15:27 PM - INFO - Req!!!
2/5/2024, 8:15:27 PM - INFO - Req from: hsjdbfc
2/5/2024, 8:21:08 PM - INFO - Req!!!
2/5/2024, 8:21:08 PM - INFO - Req from: hsjdbfc
2/5/2024, 8:21:08 PM - INFO - Req!!!
2/5/2024, 8:21:08 PM - INFO - Req from: hsjdbfc
2/5/2024, 8:21:33 PM - INFO - Req!!!
2/5/2024, 8:21:33 PM - INFO - Req from: hsjdbfc
2/5/2024, 8:21:33 PM - INFO - Req!!!
2/5/2024, 8:21:33 PM - INFO - Req from: hsjdbfc
2/5/2024, 8:21:35 PM - INFO - Req!!!
2/5/2024, 8:21:35 PM - INFO - Req from: hsjdbfc
2/5/2024, 8:21:36 PM - INFO - Req!!!
2/5/2024, 8:21:36 PM - INFO - Req from: hsjdbfc
2/5/2024, 8:21:43 PM - INFO - Req!!!
2/5/2024, 8:21:43 PM - INFO - Req from: hsjdbfc
2/5/2024, 8:21:43 PM - INFO - Req!!!
2/5/2024, 8:21:43 PM - INFO - Req from: hsjdbfc
2/5/2024, 8:21:48 PM - INFO - Req!!!
2/5/2024, 8:21:48 PM - INFO - Req from: hsjdbfc
2/5/2024, 8:21:48 PM - INFO - Req!!!
2/5/2024, 8:21:48 PM - INFO - Req from: hsjdbfc
2/5/2024, 8:25:05 PM - INFO - Req!!!
2/5/2024, 8:25:05 PM - INFO - Req from: hsjdbfc
2/5/2024, 8:25:05 PM - INFO - Req!!!
2/5/2024, 8:25:05 PM - INFO - Req from: hsjdbfc
2/5/2024, 8:25:28 PM - INFO - Req!!!
2/5/2024, 8:25:28 PM - INFO - Req from: hsjdbfc
2/5/2024, 8:25:28 PM - INFO - Req!!!
2/5/2024, 8:25:28 PM - INFO - Req from: hsjdbfc
2/5/2024, 8:25:33 PM - INFO - Req!!!
2/5/2024, 8:25:33 PM - INFO - Req from: hsjdbfc
2/5/2024, 8:25:34 PM - INFO - Req!!!
2/5/2024, 8:25:34 PM - INFO - Req from: hsjdbfc
2/5/2024, 8:25:37 PM - INFO - Req!!!
2/5/2024, 8:25:37 PM - INFO - Req from: hsjdbfc
2/5/2024, 8:25:38 PM - INFO - Req!!!
2/5/2024, 8:25:38 PM - INFO - Req from: hsjdbfc
2/5/2024, 8:25:38 PM - INFO - Req!!!
2/5/2024, 8:25:38 PM - INFO - Req from: hsjdbfc
2/5/2024, 8:25:38 PM - INFO - Req!!!
2/5/2024, 8:25:38 PM - INFO - Req from: hsjdbfc
2/5/2024, 8:25:44 PM - INFO - Req!!!
2/5/2024, 8:25:44 PM - INFO - Req from: hsjdbfc
2/6/2024, 12:04:02 PM - INFO - Req!!!
2/6/2024, 12:04:02 PM - INFO - Req from: hsjdbfc
2/6/2024, 12:04:02 PM - INFO - Req!!!
2/6/2024, 12:04:02 PM - INFO - Req from: hsjdbfc
2/6/2024, 12:17:34 PM - INFO - Req!!!
2/6/2024, 12:17:35 PM - INFO - Req!!!
